mode: set
spectron-backend/cmd/mock-controller/main.go:19.13,21.16 2 0
spectron-backend/cmd/mock-controller/main.go:21.16,23.3 1 0
spectron-backend/cmd/mock-controller/main.go:25.2,26.16 2 0
spectron-backend/cmd/mock-controller/main.go:26.16,28.3 1 0
spectron-backend/cmd/mock-controller/main.go:29.2,33.16 4 0
spectron-backend/cmd/mock-controller/main.go:33.16,35.3 1 0
spectron-backend/cmd/mock-controller/main.go:37.2,42.16 2 0
spectron-backend/cmd/mock-controller/main.go:42.16,44.3 1 0
spectron-backend/cmd/mock-controller/main.go:46.2,56.16 2 0
spectron-backend/cmd/mock-controller/main.go:56.16,58.3 1 0
spectron-backend/cmd/mock-controller/main.go:60.2,64.104 5 0
spectron-backend/cmd/create-test-user/main.go:16.13,19.16 2 0
spectron-backend/cmd/create-test-user/main.go:19.16,21.3 1 0
spectron-backend/cmd/create-test-user/main.go:24.2,25.16 2 0
spectron-backend/cmd/create-test-user/main.go:25.16,27.3 1 0
spectron-backend/cmd/create-test-user/main.go:28.2,37.57 6 0
spectron-backend/cmd/create-test-user/main.go:37.57,39.3 1 0
spectron-backend/cmd/create-test-user/main.go:40.2,40.66 1 0
spectron-backend/cmd/create-test-user/main.go:40.66,42.3 1 0
spectron-backend/cmd/create-test-user/main.go:43.2,43.57 1 0
spectron-backend/cmd/create-test-user/main.go:43.57,45.3 1 0
spectron-backend/cmd/create-test-user/main.go:46.2,46.54 1 0
spectron-backend/cmd/create-test-user/main.go:46.54,48.3 1 0
spectron-backend/cmd/create-test-user/main.go:51.2,52.16 2 0
spectron-backend/cmd/create-test-user/main.go:52.16,54.3 1 0
spectron-backend/cmd/create-test-user/main.go:57.2,62.16 5 0
spectron-backend/cmd/create-test-user/main.go:62.16,64.3 1 0
spectron-backend/cmd/create-test-user/main.go:65.2,70.16 4 0
spectron-backend/cmd/create-test-user/main.go:70.16,72.3 1 0
spectron-backend/cmd/create-test-user/main.go:75.2,79.16 2 0
spectron-backend/cmd/create-test-user/main.go:79.16,81.3 1 0
spectron-backend/cmd/create-test-user/main.go:84.2,88.16 2 0
spectron-backend/cmd/create-test-user/main.go:88.16,90.3 1 0
spectron-backend/cmd/create-test-user/main.go:93.2,97.16 2 0
spectron-backend/cmd/create-test-user/main.go:97.16,99.3 1 0
spectron-backend/cmd/create-test-user/main.go:101.2,101.39 1 0
spectron-backend/cmd/create-test-user/main.go:101.39,103.3 1 0
spectron-backend/cmd/create-test-user/main.go:105.2,115.79 11 0
spectron-backend/cmd/hash-password/main.go:10.13,11.22 1 0
spectron-backend/cmd/hash-password/main.go:11.22,14.3 2 0
spectron-backend/cmd/hash-password/main.go:16.2,18.16 3 0
spectron-backend/cmd/hash-password/main.go:18.16,21.3 2 0
spectron-backend/cmd/hash-password/main.go:23.2,23.19 1 0
spectron-backend/cmd/api/main.go:21.13,25.16 3 0
spectron-backend/cmd/api/main.go:25.16,27.3 1 0
spectron-backend/cmd/api/main.go:28.2,28.49 1 0
spectron-backend/cmd/api/main.go:28.49,30.3 1 0
spectron-backend/cmd/api/main.go:32.2,33.16 2 0
spectron-backend/cmd/api/main.go:33.16,35.3 1 0
spectron-backend/cmd/api/main.go:36.2,38.78 2 0
spectron-backend/cmd/api/main.go:38.78,40.3 1 0
spectron-backend/cmd/api/main.go:42.2,45.16 3 0
spectron-backend/cmd/api/main.go:45.16,47.3 1 0
spectron-backend/cmd/api/main.go:48.2,49.33 2 0
spectron-backend/cmd/api/main.go:49.33,51.3 1 0
spectron-backend/cmd/api/main.go:51.8,53.3 1 0
spectron-backend/cmd/api/main.go:55.2,70.12 7 0
spectron-backend/cmd/api/main.go:70.12,73.77 3 0
spectron-backend/cmd/api/main.go:73.77,75.4 1 0
spectron-backend/cmd/api/main.go:79.2,86.42 6 0
spectron-backend/cmd/api/main.go:86.42,88.3 1 0
spectron-backend/cmd/readings-consumer/main.go:20.13,22.16 2 0
spectron-backend/cmd/readings-consumer/main.go:22.16,24.3 1 0
spectron-backend/cmd/readings-consumer/main.go:25.2,25.33 1 0
spectron-backend/cmd/readings-consumer/main.go:25.33,27.3 1 0
spectron-backend/cmd/readings-consumer/main.go:29.2,30.16 2 0
spectron-backend/cmd/readings-consumer/main.go:30.16,32.3 1 0
spectron-backend/cmd/readings-consumer/main.go:33.2,35.78 2 0
spectron-backend/cmd/readings-consumer/main.go:35.78,37.3 1 0
spectron-backend/cmd/readings-consumer/main.go:39.2,57.6 7 0
spectron-backend/cmd/readings-consumer/main.go:57.6,59.17 2 0
spectron-backend/cmd/readings-consumer/main.go:59.17,60.104 1 0
spectron-backend/cmd/readings-consumer/main.go:60.104,61.10 1 0
spectron-backend/cmd/readings-consumer/main.go:63.4,65.12 3 0
spectron-backend/cmd/readings-consumer/main.go:68.3,69.59 2 0
spectron-backend/cmd/readings-consumer/main.go:69.59,71.70 2 0
spectron-backend/cmd/readings-consumer/main.go:71.70,73.5 1 0
spectron-backend/cmd/readings-consumer/main.go:74.4,74.12 1 0
spectron-backend/cmd/readings-consumer/main.go:77.3,77.60 1 0
spectron-backend/cmd/readings-consumer/main.go:77.60,80.12 3 0
spectron-backend/cmd/readings-consumer/main.go:83.3,83.57 1 0
spectron-backend/cmd/readings-consumer/main.go:83.57,86.12 3 0
spectron-backend/cmd/readings-consumer/main.go:89.3,89.117 1 0
spectron-backend/cmd/readings-consumer/main.go:92.2,92.42 1 0
spectron-backend/cmd/mqtt-bridge/main.go:24.13,26.16 2 0
spectron-backend/cmd/mqtt-bridge/main.go:26.16,28.3 1 0
spectron-backend/cmd/mqtt-bridge/main.go:30.2,33.23 3 0
spectron-backend/cmd/mqtt-bridge/main.go:33.23,38.3 4 0
spectron-backend/cmd/mqtt-bridge/main.go:40.2,40.49 1 0
spectron-backend/cmd/mqtt-bridge/main.go:40.49,42.3 1 0
spectron-backend/cmd/mqtt-bridge/main.go:43.2,43.45 1 0
spectron-backend/cmd/mqtt-bridge/main.go:43.45,45.3 1 0
spectron-backend/cmd/mqtt-bridge/main.go:46.2,46.33 1 0
spectron-backend/cmd/mqtt-bridge/main.go:46.33,48.3 1 0
spectron-backend/cmd/mqtt-bridge/main.go:50.2,53.16 3 0
spectron-backend/cmd/mqtt-bridge/main.go:53.16,55.3 1 0
spectron-backend/cmd/mqtt-bridge/main.go:56.2,59.16 3 0
spectron-backend/cmd/mqtt-bridge/main.go:59.16,61.3 1 0
spectron-backend/cmd/mqtt-bridge/main.go:63.2,71.29 2 0
spectron-backend/cmd/mqtt-bridge/main.go:71.29,73.3 1 0
spectron-backend/cmd/mqtt-bridge/main.go:74.2,74.29 1 0
spectron-backend/cmd/mqtt-bridge/main.go:74.29,76.3 1 0
spectron-backend/cmd/mqtt-bridge/main.go:77.2,77.22 1 0
spectron-backend/cmd/mqtt-bridge/main.go:77.22,79.3 1 0
spectron-backend/cmd/mqtt-bridge/main.go:81.2,81.51 1 0
spectron-backend/cmd/mqtt-bridge/main.go:81.51,83.61 2 0
spectron-backend/cmd/mqtt-bridge/main.go:83.61,86.4 2 0
spectron-backend/cmd/mqtt-bridge/main.go:88.3,88.98 1 0
spectron-backend/cmd/mqtt-bridge/main.go:88.98,89.45 1 0
spectron-backend/cmd/mqtt-bridge/main.go:89.45,91.5 1 0
spectron-backend/cmd/mqtt-bridge/main.go:91.10,91.81 1 0
spectron-backend/cmd/mqtt-bridge/main.go:91.81,94.5 2 0
spectron-backend/cmd/mqtt-bridge/main.go:96.3,96.56 1 0
spectron-backend/cmd/mqtt-bridge/main.go:96.56,99.4 2 0
spectron-backend/cmd/mqtt-bridge/main.go:101.3,105.66 4 0
spectron-backend/cmd/mqtt-bridge/main.go:105.66,108.4 2 0
spectron-backend/cmd/mqtt-bridge/main.go:110.3,110.158 1 0
spectron-backend/cmd/mqtt-bridge/main.go:113.2,113.44 1 0
spectron-backend/cmd/mqtt-bridge/main.go:113.44,116.39 3 0
spectron-backend/cmd/mqtt-bridge/main.go:116.39,119.4 2 0
spectron-backend/cmd/mqtt-bridge/main.go:121.3,128.4 1 0
spectron-backend/cmd/mqtt-bridge/main.go:131.2,131.57 1 0
spectron-backend/cmd/mqtt-bridge/main.go:131.57,133.3 1 0
spectron-backend/cmd/mqtt-bridge/main.go:135.2,136.6 2 0
spectron-backend/cmd/mqtt-bridge/main.go:136.6,139.39 3 0
spectron-backend/cmd/mqtt-bridge/main.go:139.39,140.9 1 0
spectron-backend/cmd/mqtt-bridge/main.go:141.9,143.4 1 0
spectron-backend/cmd/mqtt-bridge/main.go:145.3,145.10 1 0
spectron-backend/cmd/mqtt-bridge/main.go:146.21,148.10 2 0
spectron-backend/cmd/mqtt-bridge/main.go:149.38,149.38 0 0
spectron-backend/cmd/mqtt-bridge/main.go:153.2,155.24 3 0
spectron-backend/cmd/mqtt-bridge/main.go:158.83,160.16 2 0
spectron-backend/cmd/mqtt-bridge/main.go:160.16,162.3 1 0
spectron-backend/cmd/mqtt-bridge/main.go:164.2,165.35 2 0
spectron-backend/cmd/mqtt-bridge/main.go:166.36,167.18 1 0
spectron-backend/cmd/mqtt-bridge/main.go:170.2,170.15 1 0
spectron-backend/cmd/mqtt-bridge/main.go:170.15,172.3 1 0
spectron-backend/cmd/mqtt-bridge/main.go:174.2,179.38 2 0
spectron-backend/cmd/mqtt-bridge/main.go:179.38,181.3 1 0
spectron-backend/cmd/mqtt-bridge/main.go:183.2,183.22 1 0
spectron-backend/cmd/mqtt-bridge/main.go:183.22,185.17 2 0
spectron-backend/cmd/mqtt-bridge/main.go:185.17,187.4 1 0
spectron-backend/cmd/mqtt-bridge/main.go:189.3,190.17 2 0
spectron-backend/cmd/mqtt-bridge/main.go:190.17,192.4 1 0
spectron-backend/cmd/mqtt-bridge/main.go:193.3,193.18 1 0
spectron-backend/cmd/mqtt-bridge/main.go:193.18,195.4 1 0
spectron-backend/cmd/mqtt-bridge/main.go:196.3,196.48 1 0
spectron-backend/cmd/mqtt-bridge/main.go:196.48,198.4 1 0
spectron-backend/cmd/mqtt-bridge/main.go:199.3,199.27 1 0
spectron-backend/cmd/mqtt-bridge/main.go:202.2,202.57 1 0
spectron-backend/cmd/mqtt-bridge/main.go:202.57,203.58 1 0
spectron-backend/cmd/mqtt-bridge/main.go:203.58,205.4 1 0
spectron-backend/cmd/mqtt-bridge/main.go:207.3,208.17 2 0
spectron-backend/cmd/mqtt-bridge/main.go:208.17,210.4 1 0
spectron-backend/cmd/mqtt-bridge/main.go:211.3,211.51 1 0
spectron-backend/cmd/mqtt-bridge/main.go:214.2,214.23 1 0
spectron-backend/cmd/mqtt-bridge/main.go:217.44,219.16 2 0
spectron-backend/cmd/mqtt-bridge/main.go:219.16,221.3 1 0
spectron-backend/cmd/mqtt-bridge/main.go:223.2,223.35 1 0
spectron-backend/cmd/mqtt-bridge/main.go:224.14,225.19 1 0
spectron-backend/cmd/mqtt-bridge/main.go:226.15,227.19 1 0
spectron-backend/cmd/mqtt-bridge/main.go:230.2,230.19 1 0
spectron-backend/cmd/mqtt-bridge/main.go:233.62,236.35 3 0
spectron-backend/cmd/mqtt-bridge/main.go:236.35,238.3 1 0
spectron-backend/cmd/mqtt-bridge/main.go:240.2,242.43 3 0
spectron-backend/cmd/mqtt-bridge/main.go:242.43,244.3 1 0
spectron-backend/cmd/mqtt-bridge/main.go:246.2,246.36 1 0
spectron-backend/cmd/mqtt-bridge/main.go:246.36,247.15 1 0
spectron-backend/cmd/mqtt-bridge/main.go:248.12,249.25 1 0
spectron-backend/cmd/mqtt-bridge/main.go:250.12,251.57 1 0
spectron-backend/cmd/mqtt-bridge/main.go:252.11,253.30 1 0
spectron-backend/cmd/mqtt-bridge/main.go:253.30,255.5 1 0
spectron-backend/cmd/mqtt-bridge/main.go:259.2,259.11 1 0
spectron-backend/cmd/verify-hash/main.go:8.13,13.16 4 0
spectron-backend/cmd/verify-hash/main.go:13.16,15.3 1 0
spectron-backend/cmd/verify-hash/main.go:15.8,17.3 1 0
spectron-backend/cmd/verify-hash/main.go:20.2,21.57 2 0
spectron-backend/internal/agri/context.go:33.51,35.16 2 1
spectron-backend/internal/agri/context.go:35.16,37.3 1 0
spectron-backend/internal/agri/context.go:38.2,38.29 1 1
spectron-backend/internal/agri/context.go:41.54,48.16 6 1
spectron-backend/internal/agri/context.go:48.16,50.3 1 0
spectron-backend/internal/agri/context.go:52.2,53.33 2 1
spectron-backend/internal/agri/context.go:53.33,54.23 1 1
spectron-backend/internal/agri/context.go:54.23,55.12 1 0
spectron-backend/internal/agri/context.go:57.3,58.63 2 1
spectron-backend/internal/agri/context.go:58.63,59.12 1 0
spectron-backend/internal/agri/context.go:62.3,63.86 2 1
spectron-backend/internal/agri/context.go:63.86,67.4 3 1
spectron-backend/internal/agri/context.go:68.3,70.44 3 1
spectron-backend/internal/agri/context.go:73.2,73.24 1 1
spectron-backend/internal/agri/context.go:76.54,82.38 5 1
spectron-backend/internal/agri/context.go:82.38,83.26 1 1
spectron-backend/internal/agri/context.go:83.26,85.4 1 1
spectron-backend/internal/agri/context.go:86.3,86.27 1 1
spectron-backend/internal/agri/context.go:86.27,88.4 1 1
spectron-backend/internal/agri/context.go:89.3,89.27 1 1
spectron-backend/internal/agri/context.go:89.27,91.4 1 1
spectron-backend/internal/agri/context.go:92.3,92.77 1 1
spectron-backend/internal/agri/context.go:92.77,94.4 1 1
spectron-backend/internal/agri/context.go:97.2,102.3 1 1
spectron-backend/internal/agri/context.go:105.85,106.18 1 1
spectron-backend/internal/agri/context.go:106.18,108.3 1 0
spectron-backend/internal/agri/context.go:110.2,112.33 3 1
spectron-backend/internal/agri/context.go:112.33,113.30 1 1
spectron-backend/internal/agri/context.go:113.30,115.4 1 1
spectron-backend/internal/agri/context.go:116.3,116.36 1 1
spectron-backend/internal/agri/context.go:116.36,117.38 1 1
spectron-backend/internal/agri/context.go:117.38,119.5 1 0
spectron-backend/internal/agri/context.go:121.3,121.38 1 1
spectron-backend/internal/agri/context.go:124.2,124.38 1 1
spectron-backend/internal/agri/context.go:124.38,126.192 2 1
spectron-backend/internal/agri/context.go:126.192,128.4 1 1
spectron-backend/internal/agri/context.go:130.2,130.38 1 1
spectron-backend/internal/agri/context.go:130.38,131.87 1 1
spectron-backend/internal/agri/context.go:131.87,133.4 1 0
spectron-backend/internal/agri/context.go:135.2,135.38 1 1
spectron-backend/internal/agri/context.go:135.38,136.55 1 1
spectron-backend/internal/agri/context.go:136.55,138.4 1 1
spectron-backend/internal/agri/context.go:141.2,141.16 1 1
spectron-backend/internal/agri/context.go:144.52,145.26 1 1
spectron-backend/internal/agri/context.go:145.26,147.3 1 0
spectron-backend/internal/agri/context.go:149.2,150.38 2 1
spectron-backend/internal/agri/context.go:150.38,151.12 1 1
spectron-backend/internal/agri/context.go:151.12,153.4 1 1
spectron-backend/internal/agri/context.go:154.3,161.5 1 1
spectron-backend/internal/agri/context.go:163.2,163.25 1 1
spectron-backend/internal/agri/context.go:166.37,175.30 3 1
spectron-backend/internal/agri/context.go:175.30,176.37 1 1
spectron-backend/internal/agri/context.go:176.37,178.4 1 1
spectron-backend/internal/agri/context.go:180.2,180.11 1 1
spectron-backend/internal/agri/context.go:183.42,184.32 1 1
spectron-backend/internal/agri/context.go:185.13,186.33 1 1
spectron-backend/internal/agri/context.go:187.20,188.23 1 1
spectron-backend/internal/agri/context.go:189.35,190.30 1 1
spectron-backend/internal/agri/context.go:191.21,192.22 1 1
spectron-backend/internal/agri/context.go:193.10,195.30 2 1
spectron-backend/internal/agri/context.go:195.30,196.22 1 1
spectron-backend/internal/agri/context.go:196.22,197.13 1 0
spectron-backend/internal/agri/context.go:199.4,199.68 1 1
spectron-backend/internal/agri/context.go:201.3,201.34 1 1
spectron-backend/internal/agri/context.go:205.43,209.37 4 1
spectron-backend/internal/agri/context.go:209.37,211.36 2 1
spectron-backend/internal/agri/context.go:211.36,212.40 1 1
spectron-backend/internal/agri/context.go:212.40,214.10 2 1
spectron-backend/internal/agri/context.go:217.3,217.27 1 1
spectron-backend/internal/agri/context.go:217.27,218.9 1 1
spectron-backend/internal/agri/context.go:221.2,221.38 1 1
spectron-backend/internal/agri/context.go:224.43,227.29 3 1
spectron-backend/internal/agri/context.go:227.29,229.17 2 1
spectron-backend/internal/agri/context.go:229.17,231.4 1 1
spectron-backend/internal/agri/context.go:233.2,233.18 1 1
spectron-backend/internal/agri/context.go:236.45,238.2 1 1
spectron-backend/internal/agri/context.go:240.50,242.26 2 1
spectron-backend/internal/agri/context.go:242.26,244.3 1 1
spectron-backend/internal/agri/context.go:245.2,246.13 2 1
spectron-backend/internal/agri/context.go:249.42,250.36 1 1
spectron-backend/internal/agri/context.go:250.36,252.3 1 1
spectron-backend/internal/agri/context.go:253.2,253.14 1 1
spectron-backend/internal/db/db.go:9.70,11.16 2 0
spectron-backend/internal/db/db.go:11.16,13.3 1 0
spectron-backend/internal/db/db.go:14.2,14.40 1 0
spectron-backend/internal/db/migrate.go:91.76,92.38 1 0
spectron-backend/internal/db/migrate.go:92.38,93.50 1 0
spectron-backend/internal/db/migrate.go:93.50,94.93 1 0
spectron-backend/internal/db/migrate.go:94.93,98.44 4 0
spectron-backend/internal/db/migrate.go:98.44,99.58 1 0
spectron-backend/internal/db/migrate.go:99.58,101.7 1 0
spectron-backend/internal/db/migrate.go:102.6,102.54 1 0
spectron-backend/internal/db/migrate.go:102.54,104.7 1 0
spectron-backend/internal/db/migrate.go:106.5,119.6 1 0
spectron-backend/internal/db/migrate.go:121.4,121.60 1 0
spectron-backend/internal/db/migrate.go:125.2,125.12 1 0
spectron-backend/internal/db/mock_seed.go:18.74,26.16 3 0
spectron-backend/internal/db/mock_seed.go:26.16,28.3 1 0
spectron-backend/internal/db/mock_seed.go:30.2,77.16 2 0
spectron-backend/internal/db/mock_seed.go:77.16,79.3 1 0
spectron-backend/internal/db/mock_seed.go:81.2,81.12 1 0
spectron-backend/internal/config/config.go:63.30,67.20 3 0
spectron-backend/internal/config/config.go:67.20,69.3 1 0
spectron-backend/internal/config/config.go:70.2,78.16 9 0
spectron-backend/internal/config/config.go:78.16,80.3 1 0
spectron-backend/internal/config/config.go:82.2,82.17 1 0
spectron-backend/internal/config/config.go:82.17,85.3 1 0
spectron-backend/internal/config/config.go:87.2,125.8 1 0
spectron-backend/internal/config/config.go:128.21,130.9 2 0
spectron-backend/internal/config/config.go:130.9,136.3 3 0
spectron-backend/internal/config/config.go:138.2,140.65 2 0
spectron-backend/internal/config/config.go:143.39,145.16 2 0
spectron-backend/internal/config/config.go:145.16,147.3 1 0
spectron-backend/internal/config/config.go:149.2,149.44 1 0
spectron-backend/internal/config/config.go:149.44,150.25 1 0
spectron-backend/internal/config/config.go:150.25,152.4 1 0
spectron-backend/internal/config/config.go:154.3,155.35 2 0
spectron-backend/internal/config/config.go:155.35,157.4 1 0
spectron-backend/internal/config/config.go:159.3,160.20 2 0
spectron-backend/internal/config/config.go:160.20,161.9 1 0
spectron-backend/internal/config/config.go:165.2,165.18 1 0
spectron-backend/internal/config/config.go:168.37,169.15 1 0
spectron-backend/internal/config/config.go:169.15,171.3 1 0
spectron-backend/internal/config/config.go:173.2,173.65 1 0
spectron-backend/internal/config/config.go:173.65,175.3 1 0
spectron-backend/internal/config/config.go:177.2,177.80 1 0
spectron-backend/internal/config/config.go:177.80,179.3 1 0
spectron-backend/internal/config/config.go:181.2,181.13 1 0
spectron-backend/internal/config/config.go:184.42,185.34 1 0
spectron-backend/internal/config/config.go:185.34,187.3 1 0
spectron-backend/internal/config/config.go:188.2,188.17 1 0
spectron-backend/internal/config/config.go:191.26,211.2 11 0
spectron-backend/internal/config/config.go:213.47,214.34 1 0
spectron-backend/internal/config/config.go:214.34,216.3 1 0
spectron-backend/internal/config/config.go:218.2,220.29 3 0
spectron-backend/internal/config/config.go:220.29,222.19 2 0
spectron-backend/internal/config/config.go:222.19,223.12 1 0
spectron-backend/internal/config/config.go:225.3,225.36 1 0
spectron-backend/internal/config/config.go:228.2,228.23 1 0
spectron-backend/internal/config/config.go:228.23,230.3 1 0
spectron-backend/internal/config/config.go:232.2,232.16 1 0
spectron-backend/internal/config/config.go:235.36,236.34 1 0
spectron-backend/internal/config/config.go:236.34,238.3 1 0
spectron-backend/internal/config/config.go:240.2,242.29 3 0
spectron-backend/internal/config/config.go:242.29,244.18 2 0
spectron-backend/internal/config/config.go:244.18,245.12 1 0
spectron-backend/internal/config/config.go:247.3,247.33 1 0
spectron-backend/internal/config/config.go:250.2,250.22 1 0
spectron-backend/internal/config/config.go:250.22,252.3 1 0
spectron-backend/internal/config/config.go:254.2,254.15 1 0
spectron-backend/internal/config/config.go:257.33,260.2 2 0
spectron-backend/internal/config/config.go:262.45,264.16 2 0
spectron-backend/internal/config/config.go:264.16,266.3 1 0
spectron-backend/internal/config/config.go:267.2,267.14 1 0
spectron-backend/internal/config/config.go:270.41,272.17 2 0
spectron-backend/internal/config/config.go:272.17,274.3 1 0
spectron-backend/internal/config/config.go:276.2,277.16 2 0
spectron-backend/internal/config/config.go:277.16,279.3 1 0
spectron-backend/internal/config/config.go:280.2,280.30 1 0
spectron-backend/internal/config/config.go:280.30,282.3 1 0
spectron-backend/internal/config/config.go:284.2,284.26 1 0
spectron-backend/internal/auth/jwt.go:18.34,20.19 2 1
spectron-backend/internal/auth/jwt.go:20.19,22.3 1 0
spectron-backend/internal/auth/jwt.go:24.2,26.22 3 1
spectron-backend/internal/auth/jwt.go:29.32,33.2 3 1
spectron-backend/internal/auth/jwt.go:42.79,56.2 3 1
spectron-backend/internal/auth/jwt.go:58.57,59.104 1 1
spectron-backend/internal/auth/jwt.go:59.104,60.58 1 1
spectron-backend/internal/auth/jwt.go:60.58,62.4 1 0
spectron-backend/internal/auth/jwt.go:63.3,63.33 1 1
spectron-backend/internal/auth/jwt.go:66.2,66.16 1 1
spectron-backend/internal/auth/jwt.go:66.16,68.3 1 1
spectron-backend/internal/auth/jwt.go:70.2,70.61 1 1
spectron-backend/internal/auth/jwt.go:70.61,72.3 1 1
spectron-backend/internal/auth/jwt.go:74.2,74.41 1 0
spectron-backend/internal/auth/password.go:5.52,8.2 2 1
spectron-backend/internal/auth/password.go:10.52,13.2 2 1
spectron-backend/internal/httpapi/admin_audit.go:49.9,51.16 2 0
spectron-backend/internal/httpapi/admin_audit.go:51.16,53.3 1 0
spectron-backend/internal/httpapi/admin_audit.go:54.2,55.19 2 0
spectron-backend/internal/httpapi/admin_audit.go:55.19,57.3 1 0
spectron-backend/internal/httpapi/admin_audit.go:59.2,77.16 2 0
spectron-backend/internal/httpapi/admin_audit.go:77.16,79.3 1 0
spectron-backend/internal/httpapi/admin_audit.go:80.2,80.33 1 0
spectron-backend/internal/httpapi/admin_audit.go:80.33,82.3 1 0
spectron-backend/internal/httpapi/admin_audit.go:83.2,83.12 1 0
spectron-backend/internal/httpapi/admin_audit.go:86.47,87.109 1 0
spectron-backend/internal/httpapi/admin_audit.go:87.109,89.3 1 0
spectron-backend/internal/httpapi/admin_audit.go:90.2,91.16 2 0
spectron-backend/internal/httpapi/admin_audit.go:91.16,93.3 1 0
spectron-backend/internal/httpapi/admin_audit.go:94.2,94.40 1 0
spectron-backend/internal/httpapi/admin_audit.go:97.89,103.18 6 0
spectron-backend/internal/httpapi/admin_audit.go:103.18,105.3 1 0
spectron-backend/internal/httpapi/admin_audit.go:107.2,120.16 3 0
spectron-backend/internal/httpapi/admin_audit.go:120.16,123.3 2 0
spectron-backend/internal/httpapi/admin_audit.go:125.2,151.16 2 0
spectron-backend/internal/httpapi/admin_audit.go:151.16,154.3 2 0
spectron-backend/internal/httpapi/admin_audit.go:155.2,158.18 3 0
spectron-backend/internal/httpapi/admin_audit.go:158.18,177.17 6 0
spectron-backend/internal/httpapi/admin_audit.go:177.17,178.12 1 0
spectron-backend/internal/httpapi/admin_audit.go:180.3,181.25 2 0
spectron-backend/internal/httpapi/admin_audit.go:181.25,184.4 2 0
spectron-backend/internal/httpapi/admin_audit.go:185.3,188.33 4 0
spectron-backend/internal/httpapi/admin_audit.go:191.2,197.4 2 0
spectron-backend/internal/httpapi/admin_audit.go:200.74,202.31 2 0
spectron-backend/internal/httpapi/admin_audit.go:202.31,204.3 1 0
spectron-backend/internal/httpapi/admin_audit.go:205.2,205.17 1 0
spectron-backend/internal/httpapi/admin_audit.go:205.17,207.3 1 0
spectron-backend/internal/httpapi/admin_audit.go:208.2,208.14 1 0
spectron-backend/internal/httpapi/agri_handler.go:14.36,16.2 1 0
spectron-backend/internal/httpapi/agri_handler.go:52.71,54.16 2 0
spectron-backend/internal/httpapi/agri_handler.go:54.16,57.3 2 0
spectron-backend/internal/httpapi/agri_handler.go:59.2,65.4 3 0
spectron-backend/internal/httpapi/agri_handler.go:68.74,70.16 2 0
spectron-backend/internal/httpapi/agri_handler.go:70.16,73.3 2 0
spectron-backend/internal/httpapi/agri_handler.go:75.2,82.4 5 0
spectron-backend/internal/httpapi/agri_handler.go:85.75,87.61 2 0
spectron-backend/internal/httpapi/agri_handler.go:87.61,90.3 2 0
spectron-backend/internal/httpapi/agri_handler.go:92.2,95.63 4 0
spectron-backend/internal/httpapi/agri_handler.go:95.63,98.3 2 0
spectron-backend/internal/httpapi/agri_handler.go:100.2,101.16 2 0
spectron-backend/internal/httpapi/agri_handler.go:101.16,104.3 2 0
spectron-backend/internal/httpapi/agri_handler.go:106.2,118.21 8 0
spectron-backend/internal/httpapi/agri_handler.go:118.21,119.207 1 0
spectron-backend/internal/httpapi/agri_handler.go:119.207,122.4 2 0
spectron-backend/internal/httpapi/agri_handler.go:125.2,125.44 1 0
spectron-backend/internal/httpapi/agri_handler.go:125.44,127.3 1 0
spectron-backend/internal/httpapi/agri_handler.go:128.2,128.50 1 0
spectron-backend/internal/httpapi/agri_handler.go:128.50,130.3 1 0
spectron-backend/internal/httpapi/agri_handler.go:132.2,141.4 3 0
spectron-backend/internal/httpapi/agri_handler.go:144.53,152.44 2 0
spectron-backend/internal/httpapi/agri_handler.go:152.44,154.3 1 0
spectron-backend/internal/httpapi/agri_handler.go:155.2,155.33 1 0
spectron-backend/internal/httpapi/agri_handler.go:158.68,160.25 2 0
spectron-backend/internal/httpapi/agri_handler.go:160.25,162.3 1 0
spectron-backend/internal/httpapi/agri_handler.go:163.2,173.3 1 0
spectron-backend/internal/httpapi/agri_handler.go:176.98,180.38 4 0
spectron-backend/internal/httpapi/agri_handler.go:180.38,181.98 1 0
spectron-backend/internal/httpapi/agri_handler.go:181.98,182.12 1 0
spectron-backend/internal/httpapi/agri_handler.go:184.3,184.101 1 0
spectron-backend/internal/httpapi/agri_handler.go:184.101,185.12 1 0
spectron-backend/internal/httpapi/agri_handler.go:187.3,187.38 1 0
spectron-backend/internal/httpapi/agri_handler.go:189.2,189.16 1 0
spectron-backend/internal/httpapi/agri_handler.go:192.79,194.38 2 0
spectron-backend/internal/httpapi/agri_handler.go:194.38,202.3 1 0
spectron-backend/internal/httpapi/agri_handler.go:203.2,203.18 1 0
spectron-backend/internal/httpapi/alert_handler.go:24.54,26.2 1 0
spectron-backend/internal/httpapi/alert_handler.go:28.69,46.27 10 0
spectron-backend/internal/httpapi/alert_handler.go:46.27,48.17 2 0
spectron-backend/internal/httpapi/alert_handler.go:48.17,52.4 3 0
spectron-backend/internal/httpapi/alert_handler.go:55.2,55.23 1 0
spectron-backend/internal/httpapi/alert_handler.go:55.23,57.17 2 0
spectron-backend/internal/httpapi/alert_handler.go:57.17,61.4 3 0
spectron-backend/internal/httpapi/alert_handler.go:64.2,64.21 1 0
spectron-backend/internal/httpapi/alert_handler.go:64.21,68.3 3 0
spectron-backend/internal/httpapi/alert_handler.go:70.2,70.20 1 0
spectron-backend/internal/httpapi/alert_handler.go:70.20,74.3 3 0
spectron-backend/internal/httpapi/alert_handler.go:76.2,76.28 1 0
spectron-backend/internal/httpapi/alert_handler.go:76.28,78.3 1 0
spectron-backend/internal/httpapi/alert_handler.go:78.8,78.36 1 0
spectron-backend/internal/httpapi/alert_handler.go:78.36,80.3 1 0
spectron-backend/internal/httpapi/alert_handler.go:82.2,85.16 3 0
spectron-backend/internal/httpapi/alert_handler.go:85.16,88.3 2 0
spectron-backend/internal/httpapi/alert_handler.go:89.2,92.18 3 0
spectron-backend/internal/httpapi/alert_handler.go:92.18,95.17 3 0
spectron-backend/internal/httpapi/alert_handler.go:95.17,96.12 1 0
spectron-backend/internal/httpapi/alert_handler.go:98.3,98.29 1 0
spectron-backend/internal/httpapi/alert_handler.go:101.2,101.35 1 0
spectron-backend/internal/httpapi/alert_handler.go:104.76,106.16 2 0
spectron-backend/internal/httpapi/alert_handler.go:106.16,109.3 2 0
spectron-backend/internal/httpapi/alert_handler.go:111.2,118.16 4 0
spectron-backend/internal/httpapi/alert_handler.go:118.16,121.3 2 0
spectron-backend/internal/httpapi/alert_handler.go:122.2,122.33 1 0
spectron-backend/internal/httpapi/alert_handler.go:122.33,125.3 2 0
spectron-backend/internal/httpapi/alert_handler.go:127.2,133.16 3 0
spectron-backend/internal/httpapi/alert_handler.go:133.16,136.3 2 0
spectron-backend/internal/httpapi/alert_handler.go:138.2,139.62 2 0
spectron-backend/internal/httpapi/alert_handler.go:149.88,153.61 3 0
spectron-backend/internal/httpapi/alert_handler.go:153.61,156.3 2 0
spectron-backend/internal/httpapi/alert_handler.go:157.2,157.46 1 0
spectron-backend/internal/httpapi/alert_handler.go:157.46,160.3 2 0
spectron-backend/internal/httpapi/alert_handler.go:162.2,163.23 2 0
spectron-backend/internal/httpapi/alert_handler.go:163.23,165.49 2 0
spectron-backend/internal/httpapi/alert_handler.go:165.49,167.4 1 0
spectron-backend/internal/httpapi/alert_handler.go:170.2,171.16 2 0
spectron-backend/internal/httpapi/alert_handler.go:171.16,174.3 2 0
spectron-backend/internal/httpapi/alert_handler.go:176.2,177.75 2 0
spectron-backend/internal/httpapi/alert_handler.go:177.75,179.17 2 0
spectron-backend/internal/httpapi/alert_handler.go:179.17,182.4 2 0
spectron-backend/internal/httpapi/alert_handler.go:183.3,183.25 1 0
spectron-backend/internal/httpapi/alert_handler.go:186.2,187.67 2 0
spectron-backend/internal/httpapi/alert_handler.go:187.67,189.17 2 0
spectron-backend/internal/httpapi/alert_handler.go:189.17,192.4 2 0
spectron-backend/internal/httpapi/alert_handler.go:193.3,193.21 1 0
spectron-backend/internal/httpapi/alert_handler.go:196.2,196.29 1 0
spectron-backend/internal/httpapi/alert_handler.go:196.29,204.17 3 0
spectron-backend/internal/httpapi/alert_handler.go:204.17,207.4 2 0
spectron-backend/internal/httpapi/alert_handler.go:210.2,211.94 2 0
spectron-backend/internal/httpapi/alert_handler.go:214.84,224.16 3 0
spectron-backend/internal/httpapi/alert_handler.go:224.16,227.3 2 0
spectron-backend/internal/httpapi/alert_handler.go:228.2,231.18 3 0
spectron-backend/internal/httpapi/alert_handler.go:231.18,236.17 3 0
spectron-backend/internal/httpapi/alert_handler.go:236.17,237.12 1 0
spectron-backend/internal/httpapi/alert_handler.go:239.3,239.49 1 0
spectron-backend/internal/httpapi/alert_handler.go:242.2,243.48 2 0
spectron-backend/internal/httpapi/alert_handler.go:246.84,248.16 2 0
spectron-backend/internal/httpapi/alert_handler.go:248.16,251.3 2 0
spectron-backend/internal/httpapi/alert_handler.go:253.2,256.16 4 0
spectron-backend/internal/httpapi/alert_handler.go:256.16,259.3 2 0
spectron-backend/internal/httpapi/alert_handler.go:260.2,260.33 1 0
spectron-backend/internal/httpapi/alert_handler.go:260.33,263.3 2 0
spectron-backend/internal/httpapi/alert_handler.go:265.2,273.16 3 0
spectron-backend/internal/httpapi/alert_handler.go:273.16,276.3 2 0
spectron-backend/internal/httpapi/alert_handler.go:278.2,284.16 2 0
spectron-backend/internal/httpapi/alert_handler.go:284.16,287.3 2 0
spectron-backend/internal/httpapi/alert_handler.go:289.2,290.97 2 0
spectron-backend/internal/httpapi/alert_handler.go:293.40,294.16 1 0
spectron-backend/internal/httpapi/alert_handler.go:294.16,296.3 1 0
spectron-backend/internal/httpapi/alert_handler.go:297.2,297.15 1 0
spectron-backend/internal/httpapi/auth_handler.go:29.74,31.2 1 0
spectron-backend/internal/httpapi/auth_handler.go:122.72,124.61 2 0
spectron-backend/internal/httpapi/auth_handler.go:124.61,127.3 2 0
spectron-backend/internal/httpapi/auth_handler.go:129.2,130.42 2 0
spectron-backend/internal/httpapi/auth_handler.go:130.42,133.3 2 0
spectron-backend/internal/httpapi/auth_handler.go:135.2,136.16 2 0
spectron-backend/internal/httpapi/auth_handler.go:136.16,140.3 3 0
spectron-backend/internal/httpapi/auth_handler.go:141.2,149.16 4 0
spectron-backend/internal/httpapi/auth_handler.go:149.16,152.3 2 0
spectron-backend/internal/httpapi/auth_handler.go:153.2,153.26 1 0
spectron-backend/internal/httpapi/auth_handler.go:153.26,157.3 3 0
spectron-backend/internal/httpapi/auth_handler.go:159.2,160.16 2 0
spectron-backend/internal/httpapi/auth_handler.go:160.16,163.3 2 0
spectron-backend/internal/httpapi/auth_handler.go:165.2,172.16 4 0
spectron-backend/internal/httpapi/auth_handler.go:172.16,174.92 2 0
spectron-backend/internal/httpapi/auth_handler.go:174.92,177.4 2 0
spectron-backend/internal/httpapi/auth_handler.go:178.3,179.9 2 0
spectron-backend/internal/httpapi/auth_handler.go:183.2,184.83 2 0
spectron-backend/internal/httpapi/auth_handler.go:184.83,186.3 1 0
spectron-backend/internal/httpapi/auth_handler.go:186.8,186.66 1 0
spectron-backend/internal/httpapi/auth_handler.go:186.66,188.3 1 0
spectron-backend/internal/httpapi/auth_handler.go:189.2,193.16 2 0
spectron-backend/internal/httpapi/auth_handler.go:193.16,197.3 3 0
spectron-backend/internal/httpapi/auth_handler.go:200.2,204.16 2 0
spectron-backend/internal/httpapi/auth_handler.go:204.16,208.3 3 0
spectron-backend/internal/httpapi/auth_handler.go:210.2,210.47 1 0
spectron-backend/internal/httpapi/auth_handler.go:210.47,214.3 3 0
spectron-backend/internal/httpapi/auth_handler.go:216.2,216.31 1 0
spectron-backend/internal/httpapi/auth_handler.go:219.56,225.2 2 0
spectron-backend/internal/httpapi/auth_handler.go:227.75,233.2 2 0
spectron-backend/internal/httpapi/auth_handler.go:235.82,240.2 2 0
spectron-backend/internal/httpapi/auth_handler.go:242.69,244.2 1 0
spectron-backend/internal/httpapi/auth_handler.go:246.74,248.2 1 0
spectron-backend/internal/httpapi/auth_handler.go:250.104,252.61 2 0
spectron-backend/internal/httpapi/auth_handler.go:252.61,255.3 2 0
spectron-backend/internal/httpapi/auth_handler.go:257.2,278.16 10 0
spectron-backend/internal/httpapi/auth_handler.go:278.16,281.3 2 0
spectron-backend/internal/httpapi/auth_handler.go:283.2,283.22 1 0
spectron-backend/internal/httpapi/auth_handler.go:283.22,288.32 1 0
spectron-backend/internal/httpapi/auth_handler.go:288.32,290.4 1 0
spectron-backend/internal/httpapi/auth_handler.go:291.3,291.25 1 0
spectron-backend/internal/httpapi/auth_handler.go:294.2,294.24 1 0
spectron-backend/internal/httpapi/auth_handler.go:294.24,295.17 1 0
spectron-backend/internal/httpapi/auth_handler.go:296.27,297.73 1 0
spectron-backend/internal/httpapi/auth_handler.go:298.19,299.71 1 0
spectron-backend/internal/httpapi/auth_handler.go:300.19,301.59 1 0
spectron-backend/internal/httpapi/auth_handler.go:302.11,303.64 1 0
spectron-backend/internal/httpapi/auth_handler.go:305.3,305.9 1 0
spectron-backend/internal/httpapi/auth_handler.go:308.2,308.57 1 0
spectron-backend/internal/httpapi/auth_handler.go:308.57,311.3 2 0
spectron-backend/internal/httpapi/auth_handler.go:314.2,315.16 2 0
spectron-backend/internal/httpapi/auth_handler.go:315.16,318.3 2 0
spectron-backend/internal/httpapi/auth_handler.go:320.2,334.4 2 0
spectron-backend/internal/httpapi/auth_handler.go:337.66,348.16 5 0
spectron-backend/internal/httpapi/auth_handler.go:348.16,351.3 2 0
spectron-backend/internal/httpapi/auth_handler.go:353.2,359.16 2 0
spectron-backend/internal/httpapi/auth_handler.go:359.16,361.19 2 0
spectron-backend/internal/httpapi/auth_handler.go:361.19,365.82 4 0
spectron-backend/internal/httpapi/auth_handler.go:365.82,366.13 1 0
spectron-backend/internal/httpapi/auth_handler.go:368.4,369.36 2 0
spectron-backend/internal/httpapi/auth_handler.go:373.2,385.37 2 0
spectron-backend/internal/httpapi/auth_handler.go:388.53,389.18 1 0
spectron-backend/internal/httpapi/auth_handler.go:389.18,391.3 1 0
spectron-backend/internal/httpapi/auth_handler.go:393.2,394.19 2 0
spectron-backend/internal/httpapi/auth_handler.go:394.19,396.3 1 0
spectron-backend/internal/httpapi/auth_handler.go:398.2,398.17 1 0
spectron-backend/internal/httpapi/auth_handler.go:401.77,405.61 3 0
spectron-backend/internal/httpapi/auth_handler.go:405.61,408.3 2 0
spectron-backend/internal/httpapi/auth_handler.go:410.2,421.16 6 0
spectron-backend/internal/httpapi/auth_handler.go:421.16,424.3 2 0
spectron-backend/internal/httpapi/auth_handler.go:426.2,426.33 1 0
spectron-backend/internal/httpapi/auth_handler.go:429.78,433.61 3 0
spectron-backend/internal/httpapi/auth_handler.go:433.61,436.3 2 0
spectron-backend/internal/httpapi/auth_handler.go:438.2,438.30 1 0
spectron-backend/internal/httpapi/auth_handler.go:438.30,441.3 2 0
spectron-backend/internal/httpapi/auth_handler.go:443.2,449.16 3 0
spectron-backend/internal/httpapi/auth_handler.go:449.16,452.3 2 0
spectron-backend/internal/httpapi/auth_handler.go:454.2,454.63 1 0
spectron-backend/internal/httpapi/auth_handler.go:454.63,457.3 2 0
spectron-backend/internal/httpapi/auth_handler.go:459.2,460.16 2 0
spectron-backend/internal/httpapi/auth_handler.go:460.16,463.3 2 0
spectron-backend/internal/httpapi/auth_handler.go:465.2,470.16 2 0
spectron-backend/internal/httpapi/auth_handler.go:470.16,473.3 2 0
spectron-backend/internal/httpapi/auth_handler.go:475.2,477.4 1 0
spectron-backend/internal/httpapi/auth_handler.go:480.77,485.61 4 0
spectron-backend/internal/httpapi/auth_handler.go:485.61,488.3 2 0
spectron-backend/internal/httpapi/auth_handler.go:490.2,498.16 4 0
spectron-backend/internal/httpapi/auth_handler.go:498.16,501.3 2 0
spectron-backend/internal/httpapi/auth_handler.go:503.2,503.21 1 0
spectron-backend/internal/httpapi/auth_handler.go:503.21,506.3 2 0
spectron-backend/internal/httpapi/auth_handler.go:508.2,508.68 1 0
spectron-backend/internal/httpapi/auth_handler.go:508.68,511.3 2 0
spectron-backend/internal/httpapi/auth_handler.go:513.2,514.16 2 0
spectron-backend/internal/httpapi/auth_handler.go:514.16,517.3 2 0
spectron-backend/internal/httpapi/auth_handler.go:518.2,565.32 3 0
spectron-backend/internal/httpapi/auth_handler.go:565.32,566.67 1 0
spectron-backend/internal/httpapi/auth_handler.go:566.67,570.4 3 0
spectron-backend/internal/httpapi/auth_handler.go:573.2,573.110 1 0
spectron-backend/internal/httpapi/auth_handler.go:573.110,577.3 3 0
spectron-backend/internal/httpapi/auth_handler.go:579.2,579.91 1 0
spectron-backend/internal/httpapi/auth_handler.go:579.91,583.3 3 0
spectron-backend/internal/httpapi/auth_handler.go:585.2,585.47 1 0
spectron-backend/internal/httpapi/auth_handler.go:585.47,589.3 3 0
spectron-backend/internal/httpapi/auth_handler.go:591.2,593.4 1 0
spectron-backend/internal/httpapi/auth_handler.go:597.73,608.16 3 0
spectron-backend/internal/httpapi/auth_handler.go:608.16,611.3 2 0
spectron-backend/internal/httpapi/auth_handler.go:612.2,625.18 4 0
spectron-backend/internal/httpapi/auth_handler.go:625.18,629.17 4 0
spectron-backend/internal/httpapi/auth_handler.go:629.17,632.4 2 0
spectron-backend/internal/httpapi/auth_handler.go:633.3,634.27 2 0
spectron-backend/internal/httpapi/auth_handler.go:636.2,636.35 1 0
spectron-backend/internal/httpapi/auth_handler.go:636.35,639.3 2 0
spectron-backend/internal/httpapi/auth_handler.go:641.2,644.4 1 0
spectron-backend/internal/httpapi/auth_handler.go:647.76,651.61 3 0
spectron-backend/internal/httpapi/auth_handler.go:651.61,654.3 2 0
spectron-backend/internal/httpapi/auth_handler.go:656.2,657.42 2 0
spectron-backend/internal/httpapi/auth_handler.go:657.42,660.3 2 0
spectron-backend/internal/httpapi/auth_handler.go:662.2,663.16 2 0
spectron-backend/internal/httpapi/auth_handler.go:663.16,666.3 2 0
spectron-backend/internal/httpapi/auth_handler.go:668.2,669.16 2 0
spectron-backend/internal/httpapi/auth_handler.go:669.16,672.3 2 0
spectron-backend/internal/httpapi/auth_handler.go:673.2,680.16 4 0
spectron-backend/internal/httpapi/auth_handler.go:680.16,681.92 1 0
spectron-backend/internal/httpapi/auth_handler.go:681.92,683.4 1 0
spectron-backend/internal/httpapi/auth_handler.go:683.9,685.4 1 0
spectron-backend/internal/httpapi/auth_handler.go:686.3,686.9 1 0
spectron-backend/internal/httpapi/auth_handler.go:689.2,693.16 2 0
spectron-backend/internal/httpapi/auth_handler.go:693.16,696.3 2 0
spectron-backend/internal/httpapi/auth_handler.go:698.2,698.47 1 0
spectron-backend/internal/httpapi/auth_handler.go:698.47,701.3 2 0
spectron-backend/internal/httpapi/auth_handler.go:703.2,710.4 1 0
spectron-backend/internal/httpapi/auth_handler.go:713.76,717.16 4 0
spectron-backend/internal/httpapi/auth_handler.go:717.16,720.3 2 0
spectron-backend/internal/httpapi/auth_handler.go:722.2,723.16 2 0
spectron-backend/internal/httpapi/auth_handler.go:723.16,726.3 2 0
spectron-backend/internal/httpapi/auth_handler.go:727.2,735.26 4 0
spectron-backend/internal/httpapi/auth_handler.go:735.26,738.3 2 0
spectron-backend/internal/httpapi/auth_handler.go:739.2,739.16 1 0
spectron-backend/internal/httpapi/auth_handler.go:739.16,742.3 2 0
spectron-backend/internal/httpapi/auth_handler.go:743.2,743.22 1 0
spectron-backend/internal/httpapi/auth_handler.go:743.22,746.3 2 0
spectron-backend/internal/httpapi/auth_handler.go:748.2,752.16 2 0
spectron-backend/internal/httpapi/auth_handler.go:752.16,756.3 3 0
spectron-backend/internal/httpapi/auth_handler.go:757.2,757.33 1 0
spectron-backend/internal/httpapi/auth_handler.go:757.33,760.3 2 0
spectron-backend/internal/httpapi/auth_handler.go:762.2,767.55 2 0
spectron-backend/internal/httpapi/auth_handler.go:767.55,770.3 2 0
spectron-backend/internal/httpapi/auth_handler.go:772.2,772.31 1 0
spectron-backend/internal/httpapi/auth_handler.go:772.31,776.28 1 0
spectron-backend/internal/httpapi/auth_handler.go:776.28,780.4 3 0
spectron-backend/internal/httpapi/auth_handler.go:783.2,783.47 1 0
spectron-backend/internal/httpapi/auth_handler.go:783.47,786.3 2 0
spectron-backend/internal/httpapi/auth_handler.go:788.2,790.4 1 0
spectron-backend/internal/httpapi/auth_handler.go:793.79,817.16 2 0
spectron-backend/internal/httpapi/auth_handler.go:817.16,820.3 2 0
spectron-backend/internal/httpapi/auth_handler.go:821.2,824.18 3 0
spectron-backend/internal/httpapi/auth_handler.go:824.18,840.17 5 0
spectron-backend/internal/httpapi/auth_handler.go:840.17,841.12 1 0
spectron-backend/internal/httpapi/auth_handler.go:843.3,846.33 4 0
spectron-backend/internal/httpapi/auth_handler.go:849.2,849.69 1 0
spectron-backend/internal/httpapi/auth_handler.go:852.80,855.61 3 0
spectron-backend/internal/httpapi/auth_handler.go:855.61,858.3 2 0
spectron-backend/internal/httpapi/auth_handler.go:860.2,862.38 3 0
spectron-backend/internal/httpapi/auth_handler.go:862.38,864.3 1 0
spectron-backend/internal/httpapi/auth_handler.go:865.2,865.19 1 0
spectron-backend/internal/httpapi/auth_handler.go:865.19,867.3 1 0
spectron-backend/internal/httpapi/auth_handler.go:868.2,868.42 1 0
spectron-backend/internal/httpapi/auth_handler.go:868.42,871.3 2 0
spectron-backend/internal/httpapi/auth_handler.go:873.2,874.16 2 0
spectron-backend/internal/httpapi/auth_handler.go:874.16,877.3 2 0
spectron-backend/internal/httpapi/auth_handler.go:879.2,880.16 2 0
spectron-backend/internal/httpapi/auth_handler.go:880.16,883.3 2 0
spectron-backend/internal/httpapi/auth_handler.go:884.2,892.16 5 0
spectron-backend/internal/httpapi/auth_handler.go:892.16,893.92 1 0
spectron-backend/internal/httpapi/auth_handler.go:893.92,895.4 1 0
spectron-backend/internal/httpapi/auth_handler.go:895.9,897.4 1 0
spectron-backend/internal/httpapi/auth_handler.go:898.3,898.9 1 0
spectron-backend/internal/httpapi/auth_handler.go:901.2,901.118 1 0
spectron-backend/internal/httpapi/auth_handler.go:901.118,904.3 2 0
spectron-backend/internal/httpapi/auth_handler.go:905.2,908.36 1 0
spectron-backend/internal/httpapi/auth_handler.go:908.36,911.3 2 0
spectron-backend/internal/httpapi/auth_handler.go:913.2,923.17 1 0
spectron-backend/internal/httpapi/auth_handler.go:923.17,926.3 2 0
spectron-backend/internal/httpapi/auth_handler.go:928.2,928.47 1 0
spectron-backend/internal/httpapi/auth_handler.go:928.47,931.3 2 0
spectron-backend/internal/httpapi/auth_handler.go:933.2,940.4 1 0
spectron-backend/internal/httpapi/auth_handler.go:943.81,945.2 1 0
spectron-backend/internal/httpapi/auth_handler.go:947.80,949.2 1 0
spectron-backend/internal/httpapi/auth_handler.go:951.98,955.16 4 0
spectron-backend/internal/httpapi/auth_handler.go:955.16,958.3 2 0
spectron-backend/internal/httpapi/auth_handler.go:960.2,961.16 2 0
spectron-backend/internal/httpapi/auth_handler.go:961.16,964.3 2 0
spectron-backend/internal/httpapi/auth_handler.go:965.2,981.26 5 0
spectron-backend/internal/httpapi/auth_handler.go:981.26,984.3 2 0
spectron-backend/internal/httpapi/auth_handler.go:985.2,985.16 1 0
spectron-backend/internal/httpapi/auth_handler.go:985.16,988.3 2 0
spectron-backend/internal/httpapi/auth_handler.go:990.2,995.16 2 0
spectron-backend/internal/httpapi/auth_handler.go:995.16,998.3 2 0
spectron-backend/internal/httpapi/auth_handler.go:1000.2,1001.24 2 0
spectron-backend/internal/httpapi/auth_handler.go:1001.24,1003.3 1 0
spectron-backend/internal/httpapi/auth_handler.go:1003.8,1003.33 1 0
spectron-backend/internal/httpapi/auth_handler.go:1003.33,1005.3 1 0
spectron-backend/internal/httpapi/auth_handler.go:1006.2,1015.17 1 0
spectron-backend/internal/httpapi/auth_handler.go:1015.17,1018.3 2 0
spectron-backend/internal/httpapi/auth_handler.go:1020.2,1020.47 1 0
spectron-backend/internal/httpapi/auth_handler.go:1020.47,1023.3 2 0
spectron-backend/internal/httpapi/auth_handler.go:1025.2,1028.4 1 0
spectron-backend/internal/httpapi/auth_handler.go:1031.80,1035.16 4 0
spectron-backend/internal/httpapi/auth_handler.go:1035.16,1038.3 2 0
spectron-backend/internal/httpapi/auth_handler.go:1041.2,1049.26 4 0
spectron-backend/internal/httpapi/auth_handler.go:1049.26,1052.3 2 0
spectron-backend/internal/httpapi/auth_handler.go:1053.2,1053.16 1 0
spectron-backend/internal/httpapi/auth_handler.go:1053.16,1057.3 3 0
spectron-backend/internal/httpapi/auth_handler.go:1059.2,1060.16 2 0
spectron-backend/internal/httpapi/auth_handler.go:1060.16,1063.3 2 0
spectron-backend/internal/httpapi/auth_handler.go:1064.2,1110.32 3 0
spectron-backend/internal/httpapi/auth_handler.go:1110.32,1111.67 1 0
spectron-backend/internal/httpapi/auth_handler.go:1111.67,1115.4 3 0
spectron-backend/internal/httpapi/auth_handler.go:1119.2,1119.116 1 0
spectron-backend/internal/httpapi/auth_handler.go:1119.116,1123.3 3 0
spectron-backend/internal/httpapi/auth_handler.go:1126.2,1126.97 1 0
spectron-backend/internal/httpapi/auth_handler.go:1126.97,1130.3 3 0
spectron-backend/internal/httpapi/auth_handler.go:1133.2,1141.17 1 0
spectron-backend/internal/httpapi/auth_handler.go:1141.17,1145.3 3 0
spectron-backend/internal/httpapi/auth_handler.go:1147.2,1147.47 1 0
spectron-backend/internal/httpapi/auth_handler.go:1147.47,1151.3 3 0
spectron-backend/internal/httpapi/auth_handler.go:1153.2,1155.4 1 0
spectron-backend/internal/httpapi/controller_handler.go:23.64,25.2 1 0
spectron-backend/internal/httpapi/controller_handler.go:27.74,38.16 3 0
spectron-backend/internal/httpapi/controller_handler.go:38.16,41.3 2 0
spectron-backend/internal/httpapi/controller_handler.go:42.2,45.18 3 0
spectron-backend/internal/httpapi/controller_handler.go:45.18,60.17 3 0
spectron-backend/internal/httpapi/controller_handler.go:60.17,61.12 1 0
spectron-backend/internal/httpapi/controller_handler.go:63.3,63.39 1 0
spectron-backend/internal/httpapi/controller_handler.go:66.2,66.40 1 0
spectron-backend/internal/httpapi/controller_handler.go:69.73,71.16 2 0
spectron-backend/internal/httpapi/controller_handler.go:71.16,74.3 2 0
spectron-backend/internal/httpapi/controller_handler.go:76.2,98.16 4 0
spectron-backend/internal/httpapi/controller_handler.go:98.16,101.3 2 0
spectron-backend/internal/httpapi/controller_handler.go:103.2,103.30 1 0
spectron-backend/internal/httpapi/controller_handler.go:106.101,113.35 3 0
spectron-backend/internal/httpapi/controller_handler.go:113.35,115.3 1 0
spectron-backend/internal/httpapi/controller_handler.go:117.2,138.107 10 0
spectron-backend/internal/httpapi/controller_handler.go:141.44,144.2 2 1
spectron-backend/internal/httpapi/controller_handler.go:146.76,148.16 2 0
spectron-backend/internal/httpapi/controller_handler.go:148.16,151.3 2 0
spectron-backend/internal/httpapi/controller_handler.go:153.2,156.61 3 0
spectron-backend/internal/httpapi/controller_handler.go:156.61,159.3 2 0
spectron-backend/internal/httpapi/controller_handler.go:162.2,166.21 4 0
spectron-backend/internal/httpapi/controller_handler.go:166.21,170.3 3 0
spectron-backend/internal/httpapi/controller_handler.go:171.2,171.24 1 0
spectron-backend/internal/httpapi/controller_handler.go:171.24,175.3 3 0
spectron-backend/internal/httpapi/controller_handler.go:176.2,176.25 1 0
spectron-backend/internal/httpapi/controller_handler.go:176.25,180.3 3 0
spectron-backend/internal/httpapi/controller_handler.go:182.2,182.23 1 0
spectron-backend/internal/httpapi/controller_handler.go:182.23,185.3 2 0
spectron-backend/internal/httpapi/controller_handler.go:187.2,194.16 4 0
spectron-backend/internal/httpapi/controller_handler.go:194.16,197.3 2 0
spectron-backend/internal/httpapi/controller_handler.go:200.2,200.13 1 0
spectron-backend/internal/httpapi/dashboard_handler.go:21.62,23.2 1 0
spectron-backend/internal/httpapi/dashboard_handler.go:25.77,60.2 9 0
spectron-backend/internal/httpapi/dashboard_handler.go:62.88,64.16 2 0
spectron-backend/internal/httpapi/dashboard_handler.go:64.16,67.3 2 0
spectron-backend/internal/httpapi/dashboard_handler.go:69.2,79.16 4 0
spectron-backend/internal/httpapi/dashboard_handler.go:79.16,82.3 2 0
spectron-backend/internal/httpapi/dashboard_handler.go:83.2,83.38 1 0
spectron-backend/internal/httpapi/dashboard_handler.go:83.38,86.3 2 0
spectron-backend/internal/httpapi/dashboard_handler.go:89.2,108.37 6 0
spectron-backend/internal/httpapi/dashboard_handler.go:111.80,113.16 2 0
spectron-backend/internal/httpapi/dashboard_handler.go:113.16,116.3 2 0
spectron-backend/internal/httpapi/dashboard_handler.go:118.2,128.16 5 0
spectron-backend/internal/httpapi/dashboard_handler.go:128.16,130.3 1 0
spectron-backend/internal/httpapi/dashboard_handler.go:130.8,138.17 2 0
spectron-backend/internal/httpapi/dashboard_handler.go:138.17,141.4 2 0
spectron-backend/internal/httpapi/dashboard_handler.go:143.2,143.34 1 0
spectron-backend/internal/httpapi/dashboard_handler.go:143.34,146.3 2 0
spectron-backend/internal/httpapi/dashboard_handler.go:149.2,156.19 6 0
spectron-backend/internal/httpapi/dashboard_handler.go:156.19,157.62 1 0
spectron-backend/internal/httpapi/dashboard_handler.go:157.62,159.4 1 0
spectron-backend/internal/httpapi/dashboard_handler.go:161.2,161.17 1 0
spectron-backend/internal/httpapi/dashboard_handler.go:161.17,162.60 1 0
spectron-backend/internal/httpapi/dashboard_handler.go:162.60,164.4 1 0
spectron-backend/internal/httpapi/dashboard_handler.go:168.2,170.23 3 0
spectron-backend/internal/httpapi/dashboard_handler.go:170.23,172.3 1 0
spectron-backend/internal/httpapi/dashboard_handler.go:173.2,173.20 1 0
spectron-backend/internal/httpapi/dashboard_handler.go:173.20,175.17 2 0
spectron-backend/internal/httpapi/dashboard_handler.go:175.17,178.4 2 0
spectron-backend/internal/httpapi/dashboard_handler.go:180.3,187.17 3 0
spectron-backend/internal/httpapi/dashboard_handler.go:187.17,190.4 2 0
spectron-backend/internal/httpapi/dashboard_handler.go:191.3,208.19 5 0
spectron-backend/internal/httpapi/dashboard_handler.go:208.19,211.58 3 0
spectron-backend/internal/httpapi/dashboard_handler.go:211.58,214.5 2 0
spectron-backend/internal/httpapi/dashboard_handler.go:216.4,218.11 3 0
spectron-backend/internal/httpapi/dashboard_handler.go:218.11,225.13 2 0
spectron-backend/internal/httpapi/dashboard_handler.go:228.4,230.27 3 0
spectron-backend/internal/httpapi/dashboard_handler.go:230.27,232.5 1 0
spectron-backend/internal/httpapi/dashboard_handler.go:233.4,233.27 1 0
spectron-backend/internal/httpapi/dashboard_handler.go:233.27,235.5 1 0
spectron-backend/internal/httpapi/dashboard_handler.go:238.3,238.36 1 0
spectron-backend/internal/httpapi/dashboard_handler.go:238.36,241.4 2 0
spectron-backend/internal/httpapi/dashboard_handler.go:243.3,244.31 2 0
spectron-backend/internal/httpapi/dashboard_handler.go:244.31,246.4 1 0
spectron-backend/internal/httpapi/dashboard_handler.go:247.3,247.40 1 0
spectron-backend/internal/httpapi/dashboard_handler.go:247.40,247.74 1 0
spectron-backend/internal/httpapi/dashboard_handler.go:249.3,250.31 2 0
spectron-backend/internal/httpapi/dashboard_handler.go:250.31,258.4 2 0
spectron-backend/internal/httpapi/dashboard_handler.go:260.3,260.38 1 0
spectron-backend/internal/httpapi/dashboard_handler.go:261.8,271.17 3 0
spectron-backend/internal/httpapi/dashboard_handler.go:271.17,274.4 2 0
spectron-backend/internal/httpapi/dashboard_handler.go:275.3,284.19 4 0
spectron-backend/internal/httpapi/dashboard_handler.go:284.19,288.25 4 0
spectron-backend/internal/httpapi/dashboard_handler.go:288.25,290.5 1 0
spectron-backend/internal/httpapi/dashboard_handler.go:291.4,291.34 1 0
spectron-backend/internal/httpapi/dashboard_handler.go:294.3,294.38 1 0
spectron-backend/internal/httpapi/dashboard_handler.go:298.63,300.19 2 0
spectron-backend/internal/httpapi/dashboard_handler.go:300.19,302.3 1 0
spectron-backend/internal/httpapi/dashboard_handler.go:304.2,304.62 1 0
spectron-backend/internal/httpapi/dashboard_handler.go:304.62,305.20 1 0
spectron-backend/internal/httpapi/dashboard_handler.go:305.20,307.4 1 0
spectron-backend/internal/httpapi/dashboard_handler.go:308.3,308.23 1 0
spectron-backend/internal/httpapi/dashboard_handler.go:311.2,311.37 1 0
spectron-backend/internal/httpapi/dashboard_handler.go:311.37,313.31 2 0
spectron-backend/internal/httpapi/dashboard_handler.go:313.31,315.4 1 0
spectron-backend/internal/httpapi/dashboard_handler.go:316.3,316.52 1 0
spectron-backend/internal/httpapi/dashboard_handler.go:319.2,320.21 2 0
spectron-backend/internal/httpapi/dashboard_handler.go:320.21,322.3 1 0
spectron-backend/internal/httpapi/dashboard_handler.go:324.2,325.30 2 0
spectron-backend/internal/httpapi/dashboard_handler.go:325.30,327.3 1 0
spectron-backend/internal/httpapi/dashboard_handler.go:329.2,329.43 1 0
spectron-backend/internal/httpapi/dashboard_handler.go:330.16,331.49 1 0
spectron-backend/internal/httpapi/dashboard_handler.go:332.14,333.47 1 0
spectron-backend/internal/httpapi/dashboard_handler.go:334.13,335.52 1 0
spectron-backend/internal/httpapi/dashboard_handler.go:336.10,337.52 1 0
spectron-backend/internal/httpapi/dashboard_handler.go:341.65,342.19 1 0
spectron-backend/internal/httpapi/dashboard_handler.go:342.19,344.3 1 0
spectron-backend/internal/httpapi/dashboard_handler.go:346.2,347.18 2 0
spectron-backend/internal/httpapi/dashboard_handler.go:347.18,349.3 1 0
spectron-backend/internal/httpapi/dashboard_handler.go:351.2,352.57 2 0
spectron-backend/internal/httpapi/hardware_controller_handler.go:31.34,33.2 1 0
spectron-backend/internal/httpapi/hardware_controller_handler.go:72.115,78.70 2 0
spectron-backend/internal/httpapi/hardware_controller_handler.go:78.70,80.3 1 0
spectron-backend/internal/httpapi/hardware_controller_handler.go:82.2,88.16 3 0
spectron-backend/internal/httpapi/hardware_controller_handler.go:88.16,90.3 1 0
spectron-backend/internal/httpapi/hardware_controller_handler.go:91.2,91.40 1 0
spectron-backend/internal/httpapi/hardware_controller_handler.go:91.40,93.3 1 0
spectron-backend/internal/httpapi/hardware_controller_handler.go:94.2,94.12 1 0
spectron-backend/internal/httpapi/hardware_controller_handler.go:97.86,100.78 3 0
spectron-backend/internal/httpapi/hardware_controller_handler.go:100.78,103.3 2 0
spectron-backend/internal/httpapi/hardware_controller_handler.go:105.2,121.16 3 0
spectron-backend/internal/httpapi/hardware_controller_handler.go:121.16,124.3 2 0
spectron-backend/internal/httpapi/hardware_controller_handler.go:126.2,134.37 2 0
spectron-backend/internal/httpapi/hardware_controller_handler.go:137.85,140.78 3 0
spectron-backend/internal/httpapi/hardware_controller_handler.go:140.78,143.3 2 0
spectron-backend/internal/httpapi/hardware_controller_handler.go:145.2,146.16 2 0
spectron-backend/internal/httpapi/hardware_controller_handler.go:146.16,149.3 2 0
spectron-backend/internal/httpapi/hardware_controller_handler.go:150.2,150.74 1 0
spectron-backend/internal/httpapi/hardware_controller_handler.go:153.90,156.78 3 0
spectron-backend/internal/httpapi/hardware_controller_handler.go:156.78,159.3 2 0
spectron-backend/internal/httpapi/hardware_controller_handler.go:161.2,162.61 2 0
spectron-backend/internal/httpapi/hardware_controller_handler.go:162.61,165.3 2 0
spectron-backend/internal/httpapi/hardware_controller_handler.go:167.2,169.24 3 0
spectron-backend/internal/httpapi/hardware_controller_handler.go:169.24,171.17 2 0
spectron-backend/internal/httpapi/hardware_controller_handler.go:171.17,174.4 2 0
spectron-backend/internal/httpapi/hardware_controller_handler.go:175.3,175.13 1 0
spectron-backend/internal/httpapi/hardware_controller_handler.go:175.13,178.4 2 0
spectron-backend/internal/httpapi/hardware_controller_handler.go:179.8,180.45 1 0
spectron-backend/internal/httpapi/hardware_controller_handler.go:180.45,183.18 3 0
spectron-backend/internal/httpapi/hardware_controller_handler.go:183.18,186.5 2 0
spectron-backend/internal/httpapi/hardware_controller_handler.go:187.4,187.15 1 0
spectron-backend/internal/httpapi/hardware_controller_handler.go:187.15,189.10 2 0
spectron-backend/internal/httpapi/hardware_controller_handler.go:192.3,192.26 1 0
spectron-backend/internal/httpapi/hardware_controller_handler.go:192.26,195.4 2 0
spectron-backend/internal/httpapi/hardware_controller_handler.go:197.2,197.48 1 0
spectron-backend/internal/httpapi/hardware_controller_handler.go:197.48,200.3 2 0
spectron-backend/internal/httpapi/hardware_controller_handler.go:202.2,203.16 2 0
spectron-backend/internal/httpapi/hardware_controller_handler.go:203.16,205.3 1 0
spectron-backend/internal/httpapi/hardware_controller_handler.go:206.2,209.16 3 0
spectron-backend/internal/httpapi/hardware_controller_handler.go:209.16,212.3 2 0
spectron-backend/internal/httpapi/hardware_controller_handler.go:213.2,234.16 4 0
spectron-backend/internal/httpapi/hardware_controller_handler.go:234.16,236.54 2 0
spectron-backend/internal/httpapi/hardware_controller_handler.go:236.54,239.4 2 0
spectron-backend/internal/httpapi/hardware_controller_handler.go:240.3,241.9 2 0
spectron-backend/internal/httpapi/hardware_controller_handler.go:244.2,244.30 1 0
spectron-backend/internal/httpapi/hardware_controller_handler.go:244.30,245.102 1 0
spectron-backend/internal/httpapi/hardware_controller_handler.go:245.102,248.4 2 0
spectron-backend/internal/httpapi/hardware_controller_handler.go:251.2,261.17 1 0
spectron-backend/internal/httpapi/hardware_controller_handler.go:261.17,264.3 2 0
spectron-backend/internal/httpapi/hardware_controller_handler.go:266.2,266.47 1 0
spectron-backend/internal/httpapi/hardware_controller_handler.go:266.47,269.3 2 0
spectron-backend/internal/httpapi/hardware_controller_handler.go:271.2,272.16 2 0
spectron-backend/internal/httpapi/hardware_controller_handler.go:272.16,275.3 2 0
spectron-backend/internal/httpapi/hardware_controller_handler.go:277.2,278.33 2 0
spectron-backend/internal/httpapi/hardware_controller_handler.go:278.33,279.60 1 0
spectron-backend/internal/httpapi/hardware_controller_handler.go:279.60,281.9 2 0
spectron-backend/internal/httpapi/hardware_controller_handler.go:285.2,289.4 1 0
spectron-backend/internal/httpapi/hardware_controller_handler.go:292.91,295.78 3 0
spectron-backend/internal/httpapi/hardware_controller_handler.go:295.78,298.3 2 0
spectron-backend/internal/httpapi/hardware_controller_handler.go:300.2,316.16 2 0
spectron-backend/internal/httpapi/hardware_controller_handler.go:316.16,319.3 2 0
spectron-backend/internal/httpapi/hardware_controller_handler.go:320.2,323.18 3 0
spectron-backend/internal/httpapi/hardware_controller_handler.go:323.18,328.104 5 0
spectron-backend/internal/httpapi/hardware_controller_handler.go:328.104,329.12 1 0
spectron-backend/internal/httpapi/hardware_controller_handler.go:331.3,333.20 3 0
spectron-backend/internal/httpapi/hardware_controller_handler.go:333.20,335.4 1 0
spectron-backend/internal/httpapi/hardware_controller_handler.go:336.3,336.33 1 0
spectron-backend/internal/httpapi/hardware_controller_handler.go:339.2,339.78 1 0
spectron-backend/internal/httpapi/hardware_controller_handler.go:342.98,345.78 3 0
spectron-backend/internal/httpapi/hardware_controller_handler.go:345.78,348.3 2 0
spectron-backend/internal/httpapi/hardware_controller_handler.go:350.2,352.19 3 0
spectron-backend/internal/httpapi/hardware_controller_handler.go:352.19,354.3 1 0
spectron-backend/internal/httpapi/hardware_controller_handler.go:355.2,356.22 2 0
spectron-backend/internal/httpapi/hardware_controller_handler.go:356.22,358.3 1 0
spectron-backend/internal/httpapi/hardware_controller_handler.go:359.2,359.23 1 0
spectron-backend/internal/httpapi/hardware_controller_handler.go:359.23,361.3 1 0
spectron-backend/internal/httpapi/hardware_controller_handler.go:363.2,364.16 2 0
spectron-backend/internal/httpapi/hardware_controller_handler.go:364.16,367.3 2 0
spectron-backend/internal/httpapi/hardware_controller_handler.go:369.2,372.16 4 0
spectron-backend/internal/httpapi/hardware_controller_handler.go:372.16,375.3 2 0
spectron-backend/internal/httpapi/hardware_controller_handler.go:376.2,382.16 3 0
spectron-backend/internal/httpapi/hardware_controller_handler.go:382.16,385.3 2 0
spectron-backend/internal/httpapi/hardware_controller_handler.go:387.2,395.17 1 0
spectron-backend/internal/httpapi/hardware_controller_handler.go:395.17,398.3 2 0
spectron-backend/internal/httpapi/hardware_controller_handler.go:400.2,400.47 1 0
spectron-backend/internal/httpapi/hardware_controller_handler.go:400.47,403.3 2 0
spectron-backend/internal/httpapi/hardware_controller_handler.go:405.2,410.4 1 0
spectron-backend/internal/httpapi/hardware_controller_handler.go:413.83,416.78 3 0
spectron-backend/internal/httpapi/hardware_controller_handler.go:416.78,419.3 2 0
spectron-backend/internal/httpapi/hardware_controller_handler.go:421.2,436.16 2 0
spectron-backend/internal/httpapi/hardware_controller_handler.go:436.16,439.3 2 0
spectron-backend/internal/httpapi/hardware_controller_handler.go:440.2,443.18 3 0
spectron-backend/internal/httpapi/hardware_controller_handler.go:443.18,447.112 4 0
spectron-backend/internal/httpapi/hardware_controller_handler.go:447.112,448.12 1 0
spectron-backend/internal/httpapi/hardware_controller_handler.go:450.3,452.30 3 0
spectron-backend/internal/httpapi/hardware_controller_handler.go:455.2,455.68 1 0
spectron-backend/internal/httpapi/hardware_controller_handler.go:458.90,461.78 3 0
spectron-backend/internal/httpapi/hardware_controller_handler.go:461.78,464.3 2 0
spectron-backend/internal/httpapi/hardware_controller_handler.go:466.2,471.47 2 0
spectron-backend/internal/httpapi/hardware_controller_handler.go:471.47,473.3 1 0
spectron-backend/internal/httpapi/hardware_controller_handler.go:474.2,474.37 1 0
spectron-backend/internal/httpapi/hardware_controller_handler.go:477.77,482.61 4 0
spectron-backend/internal/httpapi/hardware_controller_handler.go:482.61,485.3 2 0
spectron-backend/internal/httpapi/hardware_controller_handler.go:487.2,488.20 2 0
spectron-backend/internal/httpapi/hardware_controller_handler.go:488.20,490.3 1 0
spectron-backend/internal/httpapi/hardware_controller_handler.go:491.2,491.20 1 0
spectron-backend/internal/httpapi/hardware_controller_handler.go:491.20,493.3 1 0
spectron-backend/internal/httpapi/hardware_controller_handler.go:494.2,494.20 1 0
spectron-backend/internal/httpapi/hardware_controller_handler.go:494.20,497.3 2 0
spectron-backend/internal/httpapi/hardware_controller_handler.go:499.2,500.16 2 0
spectron-backend/internal/httpapi/hardware_controller_handler.go:500.16,502.30 2 0
spectron-backend/internal/httpapi/hardware_controller_handler.go:502.30,505.4 2 0
spectron-backend/internal/httpapi/hardware_controller_handler.go:506.3,508.9 3 0
spectron-backend/internal/httpapi/hardware_controller_handler.go:511.2,511.89 1 0
spectron-backend/internal/httpapi/hardware_controller_handler.go:511.89,513.3 1 0
spectron-backend/internal/httpapi/hardware_controller_handler.go:515.2,517.16 3 0
spectron-backend/internal/httpapi/hardware_controller_handler.go:517.16,519.3 1 0
spectron-backend/internal/httpapi/hardware_controller_handler.go:519.8,521.3 1 0
spectron-backend/internal/httpapi/hardware_controller_handler.go:523.2,532.4 1 0
spectron-backend/internal/httpapi/hardware_controller_handler.go:535.86,557.16 3 0
spectron-backend/internal/httpapi/hardware_controller_handler.go:557.16,560.3 2 0
spectron-backend/internal/httpapi/hardware_controller_handler.go:561.2,564.18 3 0
spectron-backend/internal/httpapi/hardware_controller_handler.go:564.18,573.146 9 0
spectron-backend/internal/httpapi/hardware_controller_handler.go:573.146,574.12 1 0
spectron-backend/internal/httpapi/hardware_controller_handler.go:577.3,578.17 2 0
spectron-backend/internal/httpapi/hardware_controller_handler.go:578.17,581.4 2 0
spectron-backend/internal/httpapi/hardware_controller_handler.go:583.3,592.5 1 0
spectron-backend/internal/httpapi/hardware_controller_handler.go:595.2,595.93 1 0
spectron-backend/internal/httpapi/hardware_controller_handler.go:598.82,623.16 3 0
spectron-backend/internal/httpapi/hardware_controller_handler.go:623.16,626.3 2 0
spectron-backend/internal/httpapi/hardware_controller_handler.go:627.2,630.18 3 0
spectron-backend/internal/httpapi/hardware_controller_handler.go:630.18,646.17 6 0
spectron-backend/internal/httpapi/hardware_controller_handler.go:646.17,649.4 2 0
spectron-backend/internal/httpapi/hardware_controller_handler.go:651.3,654.32 4 0
spectron-backend/internal/httpapi/hardware_controller_handler.go:654.32,656.4 1 0
spectron-backend/internal/httpapi/hardware_controller_handler.go:657.3,657.36 1 0
spectron-backend/internal/httpapi/hardware_controller_handler.go:660.2,660.73 1 0
spectron-backend/internal/httpapi/hardware_controller_handler.go:663.90,670.16 6 0
spectron-backend/internal/httpapi/hardware_controller_handler.go:670.16,673.3 2 0
spectron-backend/internal/httpapi/hardware_controller_handler.go:675.2,676.16 2 0
spectron-backend/internal/httpapi/hardware_controller_handler.go:676.16,679.3 2 0
spectron-backend/internal/httpapi/hardware_controller_handler.go:681.2,681.89 1 0
spectron-backend/internal/httpapi/hardware_controller_handler.go:681.89,684.3 1 0
spectron-backend/internal/httpapi/hardware_controller_handler.go:686.2,687.14 2 0
spectron-backend/internal/httpapi/hardware_controller_handler.go:687.14,688.83 1 0
spectron-backend/internal/httpapi/hardware_controller_handler.go:688.83,690.18 2 0
spectron-backend/internal/httpapi/hardware_controller_handler.go:690.18,693.5 2 0
spectron-backend/internal/httpapi/hardware_controller_handler.go:695.8,697.17 2 0
spectron-backend/internal/httpapi/hardware_controller_handler.go:697.17,700.4 2 0
spectron-backend/internal/httpapi/hardware_controller_handler.go:703.2,707.4 1 0
spectron-backend/internal/httpapi/hardware_controller_handler.go:710.97,715.16 4 0
spectron-backend/internal/httpapi/hardware_controller_handler.go:715.16,718.3 2 0
spectron-backend/internal/httpapi/hardware_controller_handler.go:720.2,721.61 2 0
spectron-backend/internal/httpapi/hardware_controller_handler.go:721.61,724.3 2 0
spectron-backend/internal/httpapi/hardware_controller_handler.go:725.2,725.21 1 0
spectron-backend/internal/httpapi/hardware_controller_handler.go:725.21,728.3 2 0
spectron-backend/internal/httpapi/hardware_controller_handler.go:730.2,731.16 2 0
spectron-backend/internal/httpapi/hardware_controller_handler.go:731.16,734.3 2 0
spectron-backend/internal/httpapi/hardware_controller_handler.go:736.2,737.16 2 0
spectron-backend/internal/httpapi/hardware_controller_handler.go:737.16,740.3 2 0
spectron-backend/internal/httpapi/hardware_controller_handler.go:741.2,751.16 3 0
spectron-backend/internal/httpapi/hardware_controller_handler.go:751.16,754.3 2 0
spectron-backend/internal/httpapi/hardware_controller_handler.go:756.2,770.16 2 0
spectron-backend/internal/httpapi/hardware_controller_handler.go:770.16,773.3 2 0
spectron-backend/internal/httpapi/hardware_controller_handler.go:775.2,775.47 1 0
spectron-backend/internal/httpapi/hardware_controller_handler.go:775.47,778.3 2 0
spectron-backend/internal/httpapi/hardware_controller_handler.go:780.2,787.4 1 0
spectron-backend/internal/httpapi/hardware_controller_handler.go:790.93,796.16 5 0
spectron-backend/internal/httpapi/hardware_controller_handler.go:796.16,799.3 2 0
spectron-backend/internal/httpapi/hardware_controller_handler.go:801.2,802.16 2 0
spectron-backend/internal/httpapi/hardware_controller_handler.go:802.16,805.3 2 0
spectron-backend/internal/httpapi/hardware_controller_handler.go:807.2,808.61 2 0
spectron-backend/internal/httpapi/hardware_controller_handler.go:808.61,811.3 2 0
spectron-backend/internal/httpapi/hardware_controller_handler.go:812.2,812.21 1 0
spectron-backend/internal/httpapi/hardware_controller_handler.go:812.21,815.3 2 0
spectron-backend/internal/httpapi/hardware_controller_handler.go:817.2,818.16 2 0
spectron-backend/internal/httpapi/hardware_controller_handler.go:818.16,821.3 2 0
spectron-backend/internal/httpapi/hardware_controller_handler.go:823.2,824.16 2 0
spectron-backend/internal/httpapi/hardware_controller_handler.go:824.16,827.3 2 0
spectron-backend/internal/httpapi/hardware_controller_handler.go:828.2,836.16 3 0
spectron-backend/internal/httpapi/hardware_controller_handler.go:836.16,839.3 2 0
spectron-backend/internal/httpapi/hardware_controller_handler.go:841.2,841.38 1 0
spectron-backend/internal/httpapi/hardware_controller_handler.go:841.38,849.17 2 0
spectron-backend/internal/httpapi/hardware_controller_handler.go:849.17,852.4 2 0
spectron-backend/internal/httpapi/hardware_controller_handler.go:855.2,855.28 1 0
spectron-backend/internal/httpapi/hardware_controller_handler.go:855.28,862.17 2 0
spectron-backend/internal/httpapi/hardware_controller_handler.go:862.17,865.4 2 0
spectron-backend/internal/httpapi/hardware_controller_handler.go:868.2,868.47 1 0
spectron-backend/internal/httpapi/hardware_controller_handler.go:868.47,871.3 2 0
spectron-backend/internal/httpapi/hardware_controller_handler.go:873.2,874.28 2 0
spectron-backend/internal/httpapi/hardware_controller_handler.go:874.28,876.3 1 0
spectron-backend/internal/httpapi/hardware_controller_handler.go:878.2,887.4 1 0
spectron-backend/internal/httpapi/hardware_controller_handler.go:890.93,896.16 5 0
spectron-backend/internal/httpapi/hardware_controller_handler.go:896.16,899.3 2 0
spectron-backend/internal/httpapi/hardware_controller_handler.go:901.2,902.16 2 0
spectron-backend/internal/httpapi/hardware_controller_handler.go:902.16,905.3 2 0
spectron-backend/internal/httpapi/hardware_controller_handler.go:908.2,915.40 3 0
spectron-backend/internal/httpapi/hardware_controller_handler.go:915.40,918.3 2 0
spectron-backend/internal/httpapi/hardware_controller_handler.go:921.2,921.22 1 0
spectron-backend/internal/httpapi/hardware_controller_handler.go:921.22,930.3 4 0
spectron-backend/internal/httpapi/hardware_controller_handler.go:932.2,933.16 2 0
spectron-backend/internal/httpapi/hardware_controller_handler.go:933.16,936.3 2 0
spectron-backend/internal/httpapi/hardware_controller_handler.go:937.2,939.28 2 0
spectron-backend/internal/httpapi/hardware_controller_handler.go:939.28,943.36 1 0
spectron-backend/internal/httpapi/hardware_controller_handler.go:943.36,946.4 2 0
spectron-backend/internal/httpapi/hardware_controller_handler.go:948.3,951.36 1 0
spectron-backend/internal/httpapi/hardware_controller_handler.go:951.36,954.4 2 0
spectron-backend/internal/httpapi/hardware_controller_handler.go:956.3,959.36 1 0
spectron-backend/internal/httpapi/hardware_controller_handler.go:959.36,962.4 2 0
spectron-backend/internal/httpapi/hardware_controller_handler.go:964.3,967.36 1 0
spectron-backend/internal/httpapi/hardware_controller_handler.go:967.36,970.4 2 0
spectron-backend/internal/httpapi/hardware_controller_handler.go:972.3,976.51 1 0
spectron-backend/internal/httpapi/hardware_controller_handler.go:976.51,979.4 2 0
spectron-backend/internal/httpapi/hardware_controller_handler.go:982.2,985.28 1 0
spectron-backend/internal/httpapi/hardware_controller_handler.go:985.28,988.3 2 0
spectron-backend/internal/httpapi/hardware_controller_handler.go:990.2,993.28 1 0
spectron-backend/internal/httpapi/hardware_controller_handler.go:993.28,996.3 2 0
spectron-backend/internal/httpapi/hardware_controller_handler.go:998.2,998.38 1 0
spectron-backend/internal/httpapi/hardware_controller_handler.go:998.38,1003.61 1 0
spectron-backend/internal/httpapi/hardware_controller_handler.go:1003.61,1006.4 2 0
spectron-backend/internal/httpapi/hardware_controller_handler.go:1008.3,1012.61 1 0
spectron-backend/internal/httpapi/hardware_controller_handler.go:1012.61,1015.4 2 0
spectron-backend/internal/httpapi/hardware_controller_handler.go:1018.2,1030.16 2 0
spectron-backend/internal/httpapi/hardware_controller_handler.go:1030.16,1033.3 2 0
spectron-backend/internal/httpapi/hardware_controller_handler.go:1034.2,1034.29 1 0
spectron-backend/internal/httpapi/hardware_controller_handler.go:1034.29,1037.3 2 0
spectron-backend/internal/httpapi/hardware_controller_handler.go:1039.2,1039.47 1 0
spectron-backend/internal/httpapi/hardware_controller_handler.go:1039.47,1042.3 2 0
spectron-backend/internal/httpapi/hardware_controller_handler.go:1044.2,1044.37 1 0
spectron-backend/internal/httpapi/hardware_controller_handler.go:1047.90,1053.16 5 0
spectron-backend/internal/httpapi/hardware_controller_handler.go:1053.16,1056.3 2 0
spectron-backend/internal/httpapi/hardware_controller_handler.go:1058.2,1058.108 1 0
spectron-backend/internal/httpapi/hardware_controller_handler.go:1058.108,1061.3 2 0
spectron-backend/internal/httpapi/hardware_controller_handler.go:1063.2,1064.16 2 0
spectron-backend/internal/httpapi/hardware_controller_handler.go:1064.16,1067.3 2 0
spectron-backend/internal/httpapi/hardware_controller_handler.go:1068.2,1070.94 2 0
spectron-backend/internal/httpapi/hardware_controller_handler.go:1070.94,1073.3 2 0
spectron-backend/internal/httpapi/hardware_controller_handler.go:1075.2,1086.16 2 0
spectron-backend/internal/httpapi/hardware_controller_handler.go:1086.16,1089.3 2 0
spectron-backend/internal/httpapi/hardware_controller_handler.go:1090.2,1090.29 1 0
spectron-backend/internal/httpapi/hardware_controller_handler.go:1090.29,1093.3 2 0
spectron-backend/internal/httpapi/hardware_controller_handler.go:1095.2,1095.47 1 0
spectron-backend/internal/httpapi/hardware_controller_handler.go:1095.47,1098.3 2 0
spectron-backend/internal/httpapi/hardware_controller_handler.go:1100.2,1103.4 1 0
spectron-backend/internal/httpapi/hardware_controller_handler.go:1106.89,1112.16 5 0
spectron-backend/internal/httpapi/hardware_controller_handler.go:1112.16,1115.3 2 0
spectron-backend/internal/httpapi/hardware_controller_handler.go:1117.2,1118.16 2 0
spectron-backend/internal/httpapi/hardware_controller_handler.go:1118.16,1121.3 2 0
spectron-backend/internal/httpapi/hardware_controller_handler.go:1123.2,1124.16 2 0
spectron-backend/internal/httpapi/hardware_controller_handler.go:1124.16,1127.3 2 0
spectron-backend/internal/httpapi/hardware_controller_handler.go:1129.2,1130.61 2 0
spectron-backend/internal/httpapi/hardware_controller_handler.go:1130.61,1133.3 2 0
spectron-backend/internal/httpapi/hardware_controller_handler.go:1135.2,1142.84 7 0
spectron-backend/internal/httpapi/hardware_controller_handler.go:1142.84,1145.3 2 0
spectron-backend/internal/httpapi/hardware_controller_handler.go:1147.2,1148.16 2 0
spectron-backend/internal/httpapi/hardware_controller_handler.go:1148.16,1151.3 2 0
spectron-backend/internal/httpapi/hardware_controller_handler.go:1153.2,1172.37 7 0
spectron-backend/internal/httpapi/hardware_controller_handler.go:1172.37,1174.3 1 0
spectron-backend/internal/httpapi/hardware_controller_handler.go:1175.2,1183.16 8 0
spectron-backend/internal/httpapi/hardware_controller_handler.go:1183.16,1186.3 2 0
spectron-backend/internal/httpapi/hardware_controller_handler.go:1188.2,1189.16 2 0
spectron-backend/internal/httpapi/hardware_controller_handler.go:1189.16,1192.3 2 0
spectron-backend/internal/httpapi/hardware_controller_handler.go:1193.2,1201.16 3 0
spectron-backend/internal/httpapi/hardware_controller_handler.go:1201.16,1204.3 2 0
spectron-backend/internal/httpapi/hardware_controller_handler.go:1206.2,1206.38 1 0
spectron-backend/internal/httpapi/hardware_controller_handler.go:1206.38,1215.17 2 0
spectron-backend/internal/httpapi/hardware_controller_handler.go:1215.17,1218.4 2 0
spectron-backend/internal/httpapi/hardware_controller_handler.go:1220.3,1238.17 2 0
spectron-backend/internal/httpapi/hardware_controller_handler.go:1238.17,1241.4 2 0
spectron-backend/internal/httpapi/hardware_controller_handler.go:1244.2,1256.16 2 0
spectron-backend/internal/httpapi/hardware_controller_handler.go:1256.16,1259.3 2 0
spectron-backend/internal/httpapi/hardware_controller_handler.go:1261.2,1268.16 2 0
spectron-backend/internal/httpapi/hardware_controller_handler.go:1268.16,1271.3 2 0
spectron-backend/internal/httpapi/hardware_controller_handler.go:1273.2,1286.16 2 0
spectron-backend/internal/httpapi/hardware_controller_handler.go:1286.16,1289.3 2 0
spectron-backend/internal/httpapi/hardware_controller_handler.go:1291.2,1293.28 3 0
spectron-backend/internal/httpapi/hardware_controller_handler.go:1293.28,1299.3 1 0
spectron-backend/internal/httpapi/hardware_controller_handler.go:1299.8,1301.91 2 0
spectron-backend/internal/httpapi/hardware_controller_handler.go:1301.91,1303.4 1 0
spectron-backend/internal/httpapi/hardware_controller_handler.go:1305.2,1305.22 1 0
spectron-backend/internal/httpapi/hardware_controller_handler.go:1305.22,1314.17 2 0
spectron-backend/internal/httpapi/hardware_controller_handler.go:1314.17,1317.4 2 0
spectron-backend/internal/httpapi/hardware_controller_handler.go:1319.3,1325.17 2 0
spectron-backend/internal/httpapi/hardware_controller_handler.go:1325.17,1328.4 2 0
spectron-backend/internal/httpapi/hardware_controller_handler.go:1330.3,1341.17 2 0
spectron-backend/internal/httpapi/hardware_controller_handler.go:1341.17,1344.4 2 0
spectron-backend/internal/httpapi/hardware_controller_handler.go:1345.8,1345.49 1 0
spectron-backend/internal/httpapi/hardware_controller_handler.go:1345.49,1348.3 2 0
spectron-backend/internal/httpapi/hardware_controller_handler.go:1362.2,1362.47 1 0
spectron-backend/internal/httpapi/hardware_controller_handler.go:1362.47,1365.3 2 0
spectron-backend/internal/httpapi/hardware_controller_handler.go:1367.2,1367.124 1 0
spectron-backend/internal/httpapi/hardware_controller_handler.go:1367.124,1369.3 1 0
spectron-backend/internal/httpapi/hardware_controller_handler.go:1371.2,1377.4 1 0
spectron-backend/internal/httpapi/hardware_controller_handler.go:1380.102,1386.16 5 0
spectron-backend/internal/httpapi/hardware_controller_handler.go:1386.16,1389.3 2 0
spectron-backend/internal/httpapi/hardware_controller_handler.go:1391.2,1392.16 2 0
spectron-backend/internal/httpapi/hardware_controller_handler.go:1392.16,1395.3 2 0
spectron-backend/internal/httpapi/hardware_controller_handler.go:1397.2,1398.61 2 0
spectron-backend/internal/httpapi/hardware_controller_handler.go:1398.61,1401.3 2 0
spectron-backend/internal/httpapi/hardware_controller_handler.go:1402.2,1405.23 4 0
spectron-backend/internal/httpapi/hardware_controller_handler.go:1405.23,1408.3 2 0
spectron-backend/internal/httpapi/hardware_controller_handler.go:1410.2,1411.16 2 0
spectron-backend/internal/httpapi/hardware_controller_handler.go:1411.16,1414.3 2 0
spectron-backend/internal/httpapi/hardware_controller_handler.go:1416.2,1420.108 5 0
spectron-backend/internal/httpapi/hardware_controller_handler.go:1420.108,1422.3 1 0
spectron-backend/internal/httpapi/hardware_controller_handler.go:1423.2,1436.22 6 0
spectron-backend/internal/httpapi/hardware_controller_handler.go:1436.22,1438.30 2 0
spectron-backend/internal/httpapi/hardware_controller_handler.go:1438.30,1440.4 1 0
spectron-backend/internal/httpapi/hardware_controller_handler.go:1440.9,1442.4 1 0
spectron-backend/internal/httpapi/hardware_controller_handler.go:1443.8,1447.3 3 0
spectron-backend/internal/httpapi/hardware_controller_handler.go:1449.2,1457.47 2 0
spectron-backend/internal/httpapi/hardware_controller_handler.go:1457.47,1459.3 1 0
spectron-backend/internal/httpapi/hardware_controller_handler.go:1460.2,1475.4 2 0
spectron-backend/internal/httpapi/hardware_controller_handler.go:1478.88,1484.16 5 0
spectron-backend/internal/httpapi/hardware_controller_handler.go:1484.16,1487.3 2 0
spectron-backend/internal/httpapi/hardware_controller_handler.go:1489.2,1490.16 2 0
spectron-backend/internal/httpapi/hardware_controller_handler.go:1490.16,1493.3 2 0
spectron-backend/internal/httpapi/hardware_controller_handler.go:1495.2,1496.16 2 0
spectron-backend/internal/httpapi/hardware_controller_handler.go:1496.16,1499.3 2 0
spectron-backend/internal/httpapi/hardware_controller_handler.go:1501.2,1513.16 6 0
spectron-backend/internal/httpapi/hardware_controller_handler.go:1513.16,1514.27 1 0
[...]
spectron-backend/internal/iot/processor.go:332.67,334.5 1 0
spectron-backend/internal/iot/processor.go:335.4,335.30 1 0
spectron-backend/internal/iot/processor.go:339.2,348.69 1 0
spectron-backend/internal/iot/processor.go:348.69,350.3 1 0
spectron-backend/internal/iot/processor.go:352.2,364.16 2 0
spectron-backend/internal/iot/processor.go:364.16,366.3 1 0
spectron-backend/internal/iot/processor.go:368.2,368.28 1 0
spectron-backend/internal/iot/processor.go:371.86,372.18 1 0
spectron-backend/internal/iot/processor.go:372.18,374.3 1 0
spectron-backend/internal/iot/processor.go:376.2,380.16 2 0
spectron-backend/internal/iot/processor.go:380.16,382.3 1 0
spectron-backend/internal/iot/processor.go:384.2,384.12 1 0
spectron-backend/internal/iot/processor.go:387.61,389.2 1 1
spectron-backend/internal/iot/processor.go:415.167,416.9 1 0
spectron-backend/internal/iot/processor.go:416.9,418.3 1 0
spectron-backend/internal/iot/processor.go:420.2,421.27 2 0
spectron-backend/internal/iot/processor.go:421.27,423.3 1 0
spectron-backend/internal/iot/processor.go:425.2,426.83 2 0
spectron-backend/internal/iot/processor.go:426.83,428.3 1 0
spectron-backend/internal/iot/processor.go:429.2,429.174 1 0
spectron-backend/internal/iot/processor.go:432.133,442.16 3 0
spectron-backend/internal/iot/processor.go:442.16,444.3 1 0
spectron-backend/internal/iot/processor.go:445.2,445.37 1 0
spectron-backend/internal/iot/processor.go:445.37,447.3 1 0
spectron-backend/internal/iot/processor.go:448.2,448.70 1 0
spectron-backend/internal/iot/processor.go:481.43,483.14 2 0
spectron-backend/internal/iot/processor.go:483.14,485.3 1 0
spectron-backend/internal/iot/processor.go:487.2,494.40 3 0
spectron-backend/internal/iot/processor.go:494.40,496.3 1 0
spectron-backend/internal/iot/processor.go:497.2,497.26 1 0
spectron-backend/internal/iot/processor.go:497.26,499.3 1 0
spectron-backend/internal/iot/processor.go:501.2,514.16 3 0
spectron-backend/internal/iot/processor.go:514.16,516.3 1 0
spectron-backend/internal/iot/processor.go:518.2,518.26 1 0
spectron-backend/internal/iot/processor.go:521.112,522.56 1 1
spectron-backend/internal/iot/processor.go:523.43,523.43 0 1
spectron-backend/internal/iot/processor.go:524.10,525.43 1 0
spectron-backend/internal/iot/processor.go:528.2,531.34 3 1
spectron-backend/internal/iot/processor.go:531.34,532.66 1 1
spectron-backend/internal/iot/processor.go:532.66,533.53 1 0
spectron-backend/internal/iot/processor.go:533.53,535.5 1 0
spectron-backend/internal/iot/processor.go:537.3,537.63 1 1
spectron-backend/internal/iot/processor.go:537.63,538.57 1 0
spectron-backend/internal/iot/processor.go:538.57,540.5 1 0
spectron-backend/internal/iot/processor.go:543.2,543.14 1 1
spectron-backend/internal/iot/processor.go:543.14,545.3 1 0
spectron-backend/internal/iot/processor.go:547.2,548.50 2 1
spectron-backend/internal/iot/processor.go:548.50,550.3 1 0
spectron-backend/internal/iot/processor.go:551.2,553.64 3 1
spectron-backend/internal/iot/processor.go:553.64,555.3 1 0
spectron-backend/internal/iot/processor.go:557.2,558.32 2 1
spectron-backend/internal/iot/processor.go:558.32,560.3 1 1
spectron-backend/internal/iot/processor.go:561.2,561.32 1 1
spectron-backend/internal/iot/processor.go:561.32,563.3 1 0
spectron-backend/internal/iot/processor.go:565.2,566.33 2 1
spectron-backend/internal/iot/processor.go:566.33,568.3 1 0
spectron-backend/internal/iot/processor.go:570.2,575.9 1 1
spectron-backend/internal/iot/processor.go:583.55,589.83 2 1
spectron-backend/internal/iot/processor.go:589.83,591.3 1 1
spectron-backend/internal/iot/processor.go:593.2,596.25 3 1
spectron-backend/internal/iot/processor.go:596.25,597.34 1 1
spectron-backend/internal/iot/processor.go:597.34,599.4 1 1
spectron-backend/internal/iot/processor.go:600.3,601.23 2 1
spectron-backend/internal/iot/processor.go:604.2,605.55 2 1
spectron-backend/internal/iot/processor.go:605.55,613.3 7 1
spectron-backend/internal/iot/processor.go:615.2,615.22 1 1
spectron-backend/internal/iot/processor.go:618.85,620.16 2 1
spectron-backend/internal/iot/processor.go:620.16,622.3 1 1
spectron-backend/internal/iot/processor.go:623.2,623.19 1 1
spectron-backend/internal/iot/processor.go:626.205,628.27 2 0
spectron-backend/internal/iot/processor.go:628.27,637.17 2 0
spectron-backend/internal/iot/processor.go:637.17,639.18 2 0
spectron-backend/internal/iot/processor.go:639.18,641.5 1 0
spectron-backend/internal/iot/processor.go:642.4,642.28 1 0
spectron-backend/internal/iot/processor.go:644.3,644.27 1 0
spectron-backend/internal/iot/processor.go:644.27,646.4 1 0
spectron-backend/internal/iot/processor.go:649.2,649.80 1 0
spectron-backend/internal/iot/processor.go:649.80,661.17 2 0
spectron-backend/internal/iot/processor.go:661.17,663.18 2 0
spectron-backend/internal/iot/processor.go:663.18,665.5 1 0
spectron-backend/internal/iot/processor.go:666.4,666.28 1 0
spectron-backend/internal/iot/processor.go:668.3,668.27 1 0
spectron-backend/internal/iot/processor.go:668.27,670.4 1 0
spectron-backend/internal/iot/processor.go:673.2,681.16 2 0
spectron-backend/internal/iot/processor.go:681.16,682.27 1 0
spectron-backend/internal/iot/processor.go:682.27,684.4 1 0
spectron-backend/internal/iot/processor.go:686.3,695.17 2 0
spectron-backend/internal/iot/processor.go:695.17,696.28 1 0
spectron-backend/internal/iot/processor.go:696.28,697.83 1 0
spectron-backend/internal/iot/processor.go:697.83,708.20 2 0
spectron-backend/internal/iot/processor.go:708.20,709.12 1 0
spectron-backend/internal/iot/processor.go:711.6,711.30 1 0
spectron-backend/internal/iot/processor.go:711.30,713.7 1 0
spectron-backend/internal/iot/processor.go:715.6,724.20 2 0
spectron-backend/internal/iot/processor.go:724.20,725.12 1 0
spectron-backend/internal/iot/processor.go:727.6,727.30 1 0
spectron-backend/internal/iot/processor.go:727.30,729.7 1 0
spectron-backend/internal/iot/processor.go:732.5,732.29 1 0
spectron-backend/internal/iot/processor.go:732.29,734.6 1 0
spectron-backend/internal/iot/processor.go:735.10,737.5 1 0
spectron-backend/internal/iot/processor.go:740.2,740.56 1 0
spectron-backend/internal/iot/processor.go:740.56,742.3 1 0
spectron-backend/internal/iot/processor.go:744.2,745.16 2 0
spectron-backend/internal/iot/processor.go:745.16,747.3 1 0
spectron-backend/internal/iot/processor.go:748.2,748.26 1 0
spectron-backend/internal/iot/processor.go:751.77,753.19 2 1
spectron-backend/internal/iot/processor.go:753.19,755.3 1 0
spectron-backend/internal/iot/processor.go:757.2,758.39 2 1
spectron-backend/internal/iot/processor.go:758.39,760.3 1 0
spectron-backend/internal/iot/processor.go:762.2,762.34 1 1
spectron-backend/internal/iot/processor.go:765.75,768.69 3 1
spectron-backend/internal/iot/processor.go:768.69,770.3 1 0
spectron-backend/internal/iot/processor.go:771.2,771.45 1 1
spectron-backend/internal/iot/processor.go:771.45,773.3 1 1
spectron-backend/internal/iot/processor.go:774.2,774.45 1 0
spectron-backend/internal/iot/processor.go:774.45,776.3 1 0
spectron-backend/internal/iot/processor.go:777.2,777.46 1 0
spectron-backend/internal/iot/processor.go:777.46,779.3 1 0
spectron-backend/internal/iot/processor.go:781.2,781.49 1 0
spectron-backend/internal/iot/processor.go:784.96,786.59 2 1
spectron-backend/internal/iot/processor.go:786.59,788.36 2 1
spectron-backend/internal/iot/processor.go:788.36,790.4 1 0
spectron-backend/internal/iot/processor.go:793.2,794.57 2 1
spectron-backend/internal/iot/processor.go:794.57,796.3 1 0
spectron-backend/internal/iot/processor.go:798.2,806.34 3 1
spectron-backend/internal/iot/processor.go:806.34,813.3 1 0
spectron-backend/internal/iot/processor.go:815.2,822.20 3 1
spectron-backend/internal/iot/processor.go:825.62,827.2 1 1
spectron-backend/internal/iot/processor.go:829.68,831.9 2 1
spectron-backend/internal/iot/processor.go:831.9,833.3 1 1
spectron-backend/internal/iot/processor.go:835.2,836.27 2 1
spectron-backend/internal/iot/processor.go:837.15,838.13 1 1
spectron-backend/internal/iot/processor.go:839.15,840.22 1 0
spectron-backend/internal/iot/processor.go:841.11,842.22 1 0
spectron-backend/internal/iot/processor.go:843.13,844.22 1 0
spectron-backend/internal/iot/processor.go:845.13,846.22 1 0
spectron-backend/internal/iot/processor.go:847.19,849.17 2 0
spectron-backend/internal/iot/processor.go:849.17,851.4 1 0
spectron-backend/internal/iot/processor.go:852.3,852.18 1 0
spectron-backend/internal/iot/processor.go:853.10,854.13 1 0
spectron-backend/internal/iot/processor.go:857.2,857.16 1 1
spectron-backend/internal/iot/processor.go:860.117,864.18 4 1
spectron-backend/internal/iot/processor.go:864.18,866.3 1 0
spectron-backend/internal/iot/processor.go:868.2,869.36 2 1
spectron-backend/internal/iot/processor.go:869.36,870.65 1 1
spectron-backend/internal/iot/processor.go:870.65,872.4 1 1
spectron-backend/internal/iot/processor.go:872.9,872.78 1 0
spectron-backend/internal/iot/processor.go:872.78,875.4 2 0
spectron-backend/internal/iot/processor.go:878.2,878.9 1 1
spectron-backend/internal/iot/processor.go:879.68,889.4 1 0
spectron-backend/internal/iot/processor.go:890.68,900.4 1 1
spectron-backend/internal/iot/processor.go:901.54,911.4 1 0
spectron-backend/internal/iot/processor.go:912.54,922.4 1 1
spectron-backend/internal/iot/processor.go:923.10,924.36 1 1
spectron-backend/internal/iot/processor.go:928.93,929.64 1 1
spectron-backend/internal/iot/processor.go:929.64,931.3 1 1
spectron-backend/internal/iot/processor.go:933.2,933.47 1 0
spectron-backend/internal/iot/processor.go:933.47,936.41 1 0
spectron-backend/internal/iot/processor.go:936.41,938.4 1 0
spectron-backend/internal/iot/processor.go:941.2,941.11 1 0
spectron-backend/internal/iot/processor.go:944.94,945.64 1 1
spectron-backend/internal/iot/processor.go:945.64,947.3 1 1
spectron-backend/internal/iot/processor.go:949.2,949.47 1 0
spectron-backend/internal/iot/processor.go:949.47,952.47 1 0
spectron-backend/internal/iot/processor.go:952.47,954.4 1 0
spectron-backend/internal/iot/processor.go:957.2,957.11 1 0
spectron-backend/internal/iot/processor.go:960.59,961.56 1 1
spectron-backend/internal/iot/processor.go:962.100,963.23 1 1
spectron-backend/internal/iot/processor.go:964.18,965.20 1 1
spectron-backend/internal/iot/processor.go:966.18,967.20 1 0
spectron-backend/internal/iot/processor.go:968.20,969.22 1 1
spectron-backend/internal/iot/processor.go:970.29,971.20 1 0
spectron-backend/internal/iot/processor.go:972.27,973.18 1 0
spectron-backend/internal/iot/processor.go:974.27,975.21 1 0
spectron-backend/internal/iot/processor.go:976.21,977.15 1 0
spectron-backend/internal/iot/processor.go:978.10,979.17 1 0
spectron-backend/internal/iot/processor.go:983.99,985.23 2 1
spectron-backend/internal/iot/processor.go:985.23,987.3 1 0
spectron-backend/internal/iot/processor.go:988.2,988.23 1 1
spectron-backend/internal/iot/processor.go:988.23,990.3 1 0
spectron-backend/internal/iot/processor.go:992.2,992.33 1 1
spectron-backend/internal/iot/processor.go:992.33,1001.30 2 1
spectron-backend/internal/iot/processor.go:1001.30,1003.4 1 1
spectron-backend/internal/iot/processor.go:1004.3,1004.17 1 1
spectron-backend/internal/iot/processor.go:1007.2,1014.3 1 1
spectron-backend/internal/iot/processor.go:1017.43,1019.2 1 1
spectron-backend/internal/iot/processor.go:1021.224,1035.40 3 0
spectron-backend/internal/iot/processor.go:1035.40,1037.3 1 0
spectron-backend/internal/iot/processor.go:1039.2,1039.16 1 0
spectron-backend/internal/iot/processor.go:1039.16,1049.3 2 0
spectron-backend/internal/iot/processor.go:1051.2,1055.12 2 0
spectron-backend/internal/iot/publisher.go:29.61,31.2 1 0
spectron-backend/internal/iot/publisher.go:33.89,34.20 1 0
spectron-backend/internal/iot/publisher.go:34.20,36.3 1 0
spectron-backend/internal/iot/publisher.go:37.2,37.60 1 0
spectron-backend/internal/iot/publisher.go:40.43,42.2 1 0
spectron-backend/internal/iot/publisher.go:49.77,55.16 2 0
spectron-backend/internal/iot/publisher.go:55.16,57.3 1 0
spectron-backend/internal/iot/publisher.go:58.2,58.18 1 0
spectron-backend/internal/iot/publisher.go:61.95,63.49 2 0
spectron-backend/internal/iot/publisher.go:63.49,65.3 1 0
spectron-backend/internal/iot/publisher.go:67.2,68.16 2 0
spectron-backend/internal/iot/publisher.go:68.16,70.3 1 0
spectron-backend/internal/iot/publisher.go:72.2,82.20 3 0
spectron-backend/internal/iot/publisher.go:82.20,84.3 1 0
spectron-backend/internal/iot/publisher.go:85.2,85.21 1 0
spectron-backend/internal/iot/publisher.go:85.21,87.3 1 0
spectron-backend/internal/iot/publisher.go:88.2,101.8 2 0
spectron-backend/internal/iot/publisher.go:104.96,106.16 2 0
spectron-backend/internal/iot/publisher.go:106.16,108.3 1 0
spectron-backend/internal/iot/publisher.go:110.2,119.16 2 0
spectron-backend/internal/iot/publisher.go:119.16,121.3 1 0
spectron-backend/internal/iot/publisher.go:123.2,123.12 1 0
spectron-backend/internal/iot/publisher.go:126.40,127.33 1 0
spectron-backend/internal/iot/publisher.go:127.33,129.3 1 0
spectron-backend/internal/iot/publisher.go:130.2,131.24 2 0
spectron-backend/internal/iot/publisher.go:131.24,133.3 1 0
spectron-backend/internal/iot/publisher.go:134.2,134.12 1 0
spectron-backend/internal/iot/system_slot.go:5.79,7.62 2 1
spectron-backend/internal/iot/system_slot.go:7.62,9.17 2 1
spectron-backend/internal/iot/system_slot.go:9.17,11.4 1 1
spectron-backend/internal/iot/system_slot.go:13.2,13.64 1 1
spectron-backend/internal/iot/system_slot.go:13.64,15.17 2 1
spectron-backend/internal/iot/system_slot.go:15.17,17.4 1 1
spectron-backend/internal/iot/system_slot.go:20.2,21.26 2 0
spectron-backend/internal/iot/system_slot.go:21.26,23.3 1 0
spectron-backend/internal/iot/system_slot.go:25.2,25.31 1 0
spectron-backend/internal/iot/system_slot.go:28.52,30.17 2 0
spectron-backend/internal/iot/system_slot.go:30.17,32.3 1 0
spectron-backend/internal/iot/system_slot.go:34.2,36.26 3 0
spectron-backend/internal/iot/system_slot.go:36.26,37.10 1 0
spectron-backend/internal/iot/system_slot.go:38.29,40.20 2 0
spectron-backend/internal/iot/system_slot.go:41.29,43.20 2 0
spectron-backend/internal/iot/system_slot.go:44.11,45.32 1 0
spectron-backend/internal/iot/system_slot.go:45.32,48.5 2 0
spectron-backend/internal/iot/system_slot.go:52.2,52.38 1 0
spectron-backend/internal/security/encryption.go:20.54,22.16 2 1
spectron-backend/internal/security/encryption.go:22.16,24.3 1 1
spectron-backend/internal/security/encryption.go:26.2,27.16 2 1
spectron-backend/internal/security/encryption.go:27.16,29.3 1 0
spectron-backend/internal/security/encryption.go:31.2,32.16 2 1
spectron-backend/internal/security/encryption.go:32.16,34.3 1 0
spectron-backend/internal/security/encryption.go:36.2,37.59 2 1
spectron-backend/internal/security/encryption.go:37.59,39.3 1 0
spectron-backend/internal/security/encryption.go:41.2,43.80 3 1
spectron-backend/internal/security/encryption.go:46.55,48.16 2 1
spectron-backend/internal/security/encryption.go:48.16,50.3 1 0
spectron-backend/internal/security/encryption.go:52.2,53.56 2 1
spectron-backend/internal/security/encryption.go:53.56,55.3 1 0
spectron-backend/internal/security/encryption.go:57.2,58.16 2 1
spectron-backend/internal/security/encryption.go:58.16,60.3 1 0
spectron-backend/internal/security/encryption.go:62.2,63.16 2 1
spectron-backend/internal/security/encryption.go:63.16,65.3 1 0
spectron-backend/internal/security/encryption.go:67.2,68.16 2 1
spectron-backend/internal/security/encryption.go:68.16,70.3 1 0
spectron-backend/internal/security/encryption.go:72.2,72.37 1 1
spectron-backend/internal/security/encryption.go:72.37,74.3 1 0
spectron-backend/internal/security/encryption.go:76.2,79.16 4 1
spectron-backend/internal/security/encryption.go:79.16,81.3 1 0
spectron-backend/internal/security/encryption.go:83.2,83.31 1 1
spectron-backend/internal/security/encryption.go:86.41,88.15 2 1
spectron-backend/internal/security/encryption.go:88.15,90.3 1 0
spectron-backend/internal/security/encryption.go:92.2,92.92 1 1
spectron-backend/internal/security/encryption.go:92.92,94.3 1 0
spectron-backend/internal/security/encryption.go:96.2,96.77 1 1
spectron-backend/internal/security/encryption.go:96.77,98.3 1 0
spectron-backend/internal/security/encryption.go:100.2,100.28 1 1
spectron-backend/internal/security/encryption.go:100.28,102.3 1 1
spectron-backend/internal/security/encryption.go:104.2,104.40 1 1
spectron-backend/internal/services/recommendation/service.go:26.94,29.16 3 1
spectron-backend/internal/services/recommendation/service.go:29.16,31.3 1 1
spectron-backend/internal/services/recommendation/service.go:33.2,36.59 3 1
spectron-backend/internal/services/recommendation/service.go:39.52,40.42 1 1
spectron-backend/internal/services/recommendation/service.go:40.42,41.49 1 1
spectron-backend/internal/services/recommendation/service.go:41.49,43.4 1 1
spectron-backend/internal/services/recommendation/service.go:46.2,53.39 2 0
spectron-backend/internal/services/recommendation/service.go:53.39,54.47 1 0
spectron-backend/internal/services/recommendation/service.go:54.47,56.4 1 0
spectron-backend/internal/services/recommendation/service.go:58.2,58.20 1 0
spectron-backend/internal/services/recommendation/service.go:61.45,64.29 3 1
spectron-backend/internal/services/recommendation/service.go:64.29,66.20 2 1
spectron-backend/internal/services/recommendation/service.go:66.20,67.12 1 1
spectron-backend/internal/services/recommendation/service.go:69.3,69.39 1 1
spectron-backend/internal/services/recommendation/service.go:71.2,71.37 1 1
spectron-backend/internal/services/recommendation/service.go:74.65,76.2 1 1
spectron-backend/internal/services/recommendation/service.go:78.66,80.19 2 1
spectron-backend/internal/services/recommendation/service.go:80.19,82.3 1 1
spectron-backend/internal/services/recommendation/service.go:84.2,96.67 3 1
spectron-backend/internal/services/recommendation/service.go:96.67,98.3 1 1
spectron-backend/internal/services/recommendation/service.go:99.2,99.30 1 1
spectron-backend/internal/services/recommendation/service.go:99.30,101.3 1 0
spectron-backend/internal/services/recommendation/service.go:103.2,104.41 2 1
spectron-backend/internal/services/recommendation/service.go:104.41,112.34 2 1
spectron-backend/internal/services/recommendation/service.go:112.34,114.4 1 1
spectron-backend/internal/services/recommendation/service.go:115.3,115.34 1 1
spectron-backend/internal/services/recommendation/service.go:115.34,117.4 1 1
spectron-backend/internal/services/recommendation/service.go:118.3,118.140 1 1
spectron-backend/internal/services/recommendation/service.go:118.140,120.4 1 1
spectron-backend/internal/services/recommendation/service.go:121.3,121.65 1 1
spectron-backend/internal/services/recommendation/service.go:121.65,123.4 1 0
spectron-backend/internal/services/recommendation/service.go:124.3,124.30 1 1
spectron-backend/internal/services/recommendation/service.go:126.2,126.19 1 1
spectron-backend/internal/services/recommendation/service.go:129.44,131.19 2 1
spectron-backend/internal/services/recommendation/service.go:131.19,133.3 1 1
spectron-backend/internal/services/recommendation/service.go:134.2,139.33 6 1
spectron-backend/internal/services/recommendation/service.go:139.33,141.3 1 1
spectron-backend/internal/services/recommendation/service.go:143.2,145.45 3 1
spectron-backend/internal/services/recommendation/service.go:145.45,147.3 1 1
spectron-backend/internal/services/recommendation/service.go:148.2,148.50 1 1
spectron-backend/internal/services/recommendation/service.go:151.87,153.61 2 1
spectron-backend/internal/services/recommendation/service.go:153.61,162.3 1 1
spectron-backend/internal/services/recommendation/service.go:163.2,163.119 1 1
spectron-backend/internal/services/recommendation/service.go:163.119,173.3 1 1
spectron-backend/internal/services/recommendation/service.go:174.2,174.21 1 1
spectron-backend/internal/services/recommendation/service.go:174.21,183.3 1 0
spectron-backend/internal/services/recommendation/service.go:184.2,185.14 2 1
