mode: set
spectron-backend/internal/agri/context.go:33.51,35.16 2 1
spectron-backend/internal/agri/context.go:35.16,37.3 1 0
spectron-backend/internal/agri/context.go:38.2,38.29 1 1
spectron-backend/internal/agri/context.go:41.54,48.16 6 1
spectron-backend/internal/agri/context.go:48.16,50.3 1 0
spectron-backend/internal/agri/context.go:52.2,53.33 2 1
spectron-backend/internal/agri/context.go:53.33,54.23 1 1
spectron-backend/internal/agri/context.go:54.23,55.12 1 0
spectron-backend/internal/agri/context.go:57.3,58.63 2 1
spectron-backend/internal/agri/context.go:58.63,59.12 1 0
spectron-backend/internal/agri/context.go:62.3,63.86 2 1
spectron-backend/internal/agri/context.go:63.86,67.4 3 1
spectron-backend/internal/agri/context.go:68.3,70.44 3 1
spectron-backend/internal/agri/context.go:73.2,73.24 1 1
spectron-backend/internal/agri/context.go:76.54,82.38 5 1
spectron-backend/internal/agri/context.go:82.38,83.26 1 1
spectron-backend/internal/agri/context.go:83.26,85.4 1 1
spectron-backend/internal/agri/context.go:86.3,86.27 1 1
spectron-backend/internal/agri/context.go:86.27,88.4 1 1
spectron-backend/internal/agri/context.go:89.3,89.27 1 1
spectron-backend/internal/agri/context.go:89.27,91.4 1 1
spectron-backend/internal/agri/context.go:92.3,92.77 1 1
spectron-backend/internal/agri/context.go:92.77,94.4 1 1
spectron-backend/internal/agri/context.go:97.2,102.3 1 1
spectron-backend/internal/agri/context.go:105.85,106.18 1 1
spectron-backend/internal/agri/context.go:106.18,108.3 1 0
spectron-backend/internal/agri/context.go:110.2,112.33 3 1
spectron-backend/internal/agri/context.go:112.33,113.30 1 1
spectron-backend/internal/agri/context.go:113.30,115.4 1 1
spectron-backend/internal/agri/context.go:116.3,116.36 1 1
spectron-backend/internal/agri/context.go:116.36,117.38 1 1
spectron-backend/internal/agri/context.go:117.38,119.5 1 0
spectron-backend/internal/agri/context.go:121.3,121.38 1 1
spectron-backend/internal/agri/context.go:124.2,124.38 1 1
spectron-backend/internal/agri/context.go:124.38,126.192 2 1
spectron-backend/internal/agri/context.go:126.192,128.4 1 1
spectron-backend/internal/agri/context.go:130.2,130.38 1 1
spectron-backend/internal/agri/context.go:130.38,131.87 1 1
spectron-backend/internal/agri/context.go:131.87,133.4 1 0
spectron-backend/internal/agri/context.go:135.2,135.38 1 1
spectron-backend/internal/agri/context.go:135.38,136.55 1 1
spectron-backend/internal/agri/context.go:136.55,138.4 1 1
spectron-backend/internal/agri/context.go:141.2,141.16 1 1
spectron-backend/internal/agri/context.go:144.52,145.26 1 1
spectron-backend/internal/agri/context.go:145.26,147.3 1 0
spectron-backend/internal/agri/context.go:149.2,150.38 2 1
spectron-backend/internal/agri/context.go:150.38,151.12 1 1
spectron-backend/internal/agri/context.go:151.12,153.4 1 1
spectron-backend/internal/agri/context.go:154.3,161.5 1 1
spectron-backend/internal/agri/context.go:163.2,163.25 1 1
spectron-backend/internal/agri/context.go:166.37,175.30 3 1
spectron-backend/internal/agri/context.go:175.30,176.37 1 1
spectron-backend/internal/agri/context.go:176.37,178.4 1 1
spectron-backend/internal/agri/context.go:180.2,180.11 1 1
spectron-backend/internal/agri/context.go:183.42,184.32 1 1
spectron-backend/internal/agri/context.go:185.13,186.33 1 1
spectron-backend/internal/agri/context.go:187.20,188.23 1 1
spectron-backend/internal/agri/context.go:189.35,190.30 1 1
spectron-backend/internal/agri/context.go:191.21,192.22 1 1
spectron-backend/internal/agri/context.go:193.10,195.30 2 1
spectron-backend/internal/agri/context.go:195.30,196.22 1 1
spectron-backend/internal/agri/context.go:196.22,197.13 1 0
spectron-backend/internal/agri/context.go:199.4,199.68 1 1
spectron-backend/internal/agri/context.go:201.3,201.34 1 1
spectron-backend/internal/agri/context.go:205.43,209.37 4 1
spectron-backend/internal/agri/context.go:209.37,211.36 2 1
spectron-backend/internal/agri/context.go:211.36,212.40 1 1
spectron-backend/internal/agri/context.go:212.40,214.10 2 1
spectron-backend/internal/agri/context.go:217.3,217.27 1 1
spectron-backend/internal/agri/context.go:217.27,218.9 1 1
spectron-backend/internal/agri/context.go:221.2,221.38 1 1
spectron-backend/internal/agri/context.go:224.43,227.29 3 1
spectron-backend/internal/agri/context.go:227.29,229.17 2 1
spectron-backend/internal/agri/context.go:229.17,231.4 1 1
spectron-backend/internal/agri/context.go:233.2,233.18 1 1
spectron-backend/internal/agri/context.go:236.45,238.2 1 1
spectron-backend/internal/agri/context.go:240.50,242.26 2 1
spectron-backend/internal/agri/context.go:242.26,244.3 1 1
spectron-backend/internal/agri/context.go:245.2,246.13 2 1
spectron-backend/internal/agri/context.go:249.42,250.36 1 1
spectron-backend/internal/agri/context.go:250.36,252.3 1 1
spectron-backend/internal/agri/context.go:253.2,253.14 1 1
spectron-backend/internal/auth/jwt.go:18.34,20.19 2 1
spectron-backend/internal/auth/jwt.go:20.19,22.3 1 0
spectron-backend/internal/auth/jwt.go:24.2,26.22 3 1
spectron-backend/internal/auth/jwt.go:29.32,33.2 3 1
spectron-backend/internal/auth/jwt.go:42.79,56.2 3 1
spectron-backend/internal/auth/jwt.go:58.57,59.104 1 1
spectron-backend/internal/auth/jwt.go:59.104,60.58 1 1
spectron-backend/internal/auth/jwt.go:60.58,62.4 1 0
spectron-backend/internal/auth/jwt.go:63.3,63.33 1 1
spectron-backend/internal/auth/jwt.go:66.2,66.16 1 1
spectron-backend/internal/auth/jwt.go:66.16,68.3 1 1
spectron-backend/internal/auth/jwt.go:70.2,70.61 1 1
spectron-backend/internal/auth/jwt.go:70.61,72.3 1 1
spectron-backend/internal/auth/jwt.go:74.2,74.41 1 0
spectron-backend/internal/auth/password.go:5.52,8.2 2 1
spectron-backend/internal/auth/password.go:10.52,13.2 2 1
spectron-backend/internal/kafka/config.go:24.57,25.40 1 1
spectron-backend/internal/kafka/config.go:25.40,27.3 1 1
spectron-backend/internal/kafka/config.go:29.2,29.21 1 1
spectron-backend/internal/kafka/config.go:29.21,31.3 1 1
spectron-backend/internal/kafka/config.go:33.2,33.45 1 1
spectron-backend/internal/kafka/config.go:33.45,35.3 1 1
spectron-backend/internal/kafka/config.go:37.2,37.21 1 0
spectron-backend/internal/kafka/config.go:37.21,38.50 1 0
spectron-backend/internal/kafka/config.go:38.50,40.4 1 0
spectron-backend/internal/kafka/config.go:41.3,41.49 1 0
spectron-backend/internal/kafka/config.go:41.49,43.4 1 0
spectron-backend/internal/kafka/config.go:46.2,46.12 1 0
spectron-backend/internal/kafka/config.go:49.59,50.57 1 0
spectron-backend/internal/kafka/config.go:50.57,52.3 1 0
spectron-backend/internal/kafka/config.go:53.2,53.21 1 0
spectron-backend/internal/kafka/config.go:53.21,55.3 1 0
spectron-backend/internal/kafka/config.go:57.2,58.16 2 0
spectron-backend/internal/kafka/config.go:58.16,59.25 1 0
spectron-backend/internal/kafka/config.go:59.25,61.4 1 0
spectron-backend/internal/kafka/config.go:62.3,62.68 1 0
spectron-backend/internal/kafka/config.go:65.2,66.50 2 0
spectron-backend/internal/kafka/config.go:66.50,68.3 1 0
spectron-backend/internal/kafka/config.go:70.2,76.21 2 0
spectron-backend/internal/kafka/config.go:76.21,78.17 2 0
spectron-backend/internal/kafka/config.go:78.17,79.26 1 0
spectron-backend/internal/kafka/config.go:79.26,81.5 1 0
spectron-backend/internal/kafka/config.go:82.4,82.77 1 0
spectron-backend/internal/kafka/config.go:84.3,84.51 1 0
spectron-backend/internal/kafka/config.go:87.2,87.23 1 0
spectron-backend/internal/security/encryption.go:20.54,22.16 2 1
spectron-backend/internal/security/encryption.go:22.16,24.3 1 1
spectron-backend/internal/security/encryption.go:26.2,27.16 2 1
spectron-backend/internal/security/encryption.go:27.16,29.3 1 0
spectron-backend/internal/security/encryption.go:31.2,32.16 2 1
spectron-backend/internal/security/encryption.go:32.16,34.3 1 0
spectron-backend/internal/security/encryption.go:36.2,37.59 2 1
spectron-backend/internal/security/encryption.go:37.59,39.3 1 0
spectron-backend/internal/security/encryption.go:41.2,43.80 3 1
spectron-backend/internal/security/encryption.go:46.55,48.16 2 1
spectron-backend/internal/security/encryption.go:48.16,50.3 1 0
spectron-backend/internal/security/encryption.go:52.2,53.56 2 1
spectron-backend/internal/security/encryption.go:53.56,55.3 1 0
spectron-backend/internal/security/encryption.go:57.2,58.16 2 1
spectron-backend/internal/security/encryption.go:58.16,60.3 1 0
spectron-backend/internal/security/encryption.go:62.2,63.16 2 1
spectron-backend/internal/security/encryption.go:63.16,65.3 1 0
spectron-backend/internal/security/encryption.go:67.2,68.16 2 1
spectron-backend/internal/security/encryption.go:68.16,70.3 1 0
spectron-backend/internal/security/encryption.go:72.2,72.37 1 1
spectron-backend/internal/security/encryption.go:72.37,74.3 1 0
spectron-backend/internal/security/encryption.go:76.2,79.16 4 1
spectron-backend/internal/security/encryption.go:79.16,81.3 1 0
spectron-backend/internal/security/encryption.go:83.2,83.31 1 1
spectron-backend/internal/security/encryption.go:86.41,88.15 2 1
spectron-backend/internal/security/encryption.go:88.15,90.3 1 0
spectron-backend/internal/security/encryption.go:92.2,92.92 1 1
spectron-backend/internal/security/encryption.go:92.92,94.3 1 0
spectron-backend/internal/security/encryption.go:96.2,96.77 1 1
spectron-backend/internal/security/encryption.go:96.77,98.3 1 0
spectron-backend/internal/security/encryption.go:100.2,100.28 1 1
spectron-backend/internal/security/encryption.go:100.28,102.3 1 1
spectron-backend/internal/security/encryption.go:104.2,104.40 1 1
spectron-backend/internal/mail/mailer.go:19.48,21.2 1 0
spectron-backend/internal/mail/mailer.go:23.36,25.2 1 0
spectron-backend/internal/mail/mailer.go:27.102,28.34 1 0
spectron-backend/internal/mail/mailer.go:28.34,30.3 1 0
spectron-backend/internal/mail/mailer.go:32.2,33.21 2 0
spectron-backend/internal/mail/mailer.go:33.21,35.3 1 0
spectron-backend/internal/mail/mailer.go:37.2,37.21 1 0
spectron-backend/internal/mail/mailer.go:37.21,39.3 1 0
spectron-backend/internal/mail/mailer.go:41.2,42.22 2 0
spectron-backend/internal/mail/mailer.go:42.22,44.3 1 0
spectron-backend/internal/mail/mailer.go:45.2,45.22 1 0
spectron-backend/internal/mail/mailer.go:45.22,47.3 1 0
spectron-backend/internal/mail/mailer.go:49.2,50.65 2 0
spectron-backend/internal/mail/mailer.go:50.65,52.3 1 0
spectron-backend/internal/mail/mailer.go:54.2,56.15 3 0
spectron-backend/internal/mail/mailer.go:56.15,58.3 1 0
spectron-backend/internal/mail/mailer.go:60.2,76.88 12 0
spectron-backend/internal/mail/mailer.go:76.88,78.3 1 0
spectron-backend/internal/mail/mailer.go:80.2,81.81 2 0
spectron-backend/internal/mail/mailer.go:84.63,91.2 6 0
spectron-backend/cmd/mock-controller/main.go:19.13,21.16 2 0
spectron-backend/cmd/mock-controller/main.go:21.16,23.3 1 0
spectron-backend/cmd/mock-controller/main.go:25.2,26.16 2 0
spectron-backend/cmd/mock-controller/main.go:26.16,28.3 1 0
spectron-backend/cmd/mock-controller/main.go:29.2,33.16 4 0
spectron-backend/cmd/mock-controller/main.go:33.16,35.3 1 0
spectron-backend/cmd/mock-controller/main.go:37.2,42.16 2 0
spectron-backend/cmd/mock-controller/main.go:42.16,44.3 1 0
spectron-backend/cmd/mock-controller/main.go:46.2,56.16 2 0
spectron-backend/cmd/mock-controller/main.go:56.16,58.3 1 0
spectron-backend/cmd/mock-controller/main.go:60.2,64.104 5 0
spectron-backend/cmd/verify-hash/main.go:8.13,13.16 4 0
spectron-backend/cmd/verify-hash/main.go:13.16,15.3 1 0
spectron-backend/cmd/verify-hash/main.go:15.8,17.3 1 0
spectron-backend/cmd/verify-hash/main.go:20.2,21.57 2 0
spectron-backend/cmd/create-test-user/main.go:16.13,19.16 2 0
spectron-backend/cmd/create-test-user/main.go:19.16,21.3 1 0
spectron-backend/cmd/create-test-user/main.go:24.2,25.16 2 0
spectron-backend/cmd/create-test-user/main.go:25.16,27.3 1 0
spectron-backend/cmd/create-test-user/main.go:28.2,37.57 6 0
spectron-backend/cmd/create-test-user/main.go:37.57,39.3 1 0
spectron-backend/cmd/create-test-user/main.go:40.2,40.66 1 0
spectron-backend/cmd/create-test-user/main.go:40.66,42.3 1 0
spectron-backend/cmd/create-test-user/main.go:43.2,43.57 1 0
spectron-backend/cmd/create-test-user/main.go:43.57,45.3 1 0
spectron-backend/cmd/create-test-user/main.go:46.2,46.54 1 0
spectron-backend/cmd/create-test-user/main.go:46.54,48.3 1 0
spectron-backend/cmd/create-test-user/main.go:51.2,52.16 2 0
spectron-backend/cmd/create-test-user/main.go:52.16,54.3 1 0
spectron-backend/cmd/create-test-user/main.go:57.2,62.16 5 0
spectron-backend/cmd/create-test-user/main.go:62.16,64.3 1 0
spectron-backend/cmd/create-test-user/main.go:65.2,70.16 4 0
spectron-backend/cmd/create-test-user/main.go:70.16,72.3 1 0
spectron-backend/cmd/create-test-user/main.go:75.2,79.16 2 0
spectron-backend/cmd/create-test-user/main.go:79.16,81.3 1 0
spectron-backend/cmd/create-test-user/main.go:84.2,88.16 2 0
spectron-backend/cmd/create-test-user/main.go:88.16,90.3 1 0
spectron-backend/cmd/create-test-user/main.go:93.2,97.16 2 0
spectron-backend/cmd/create-test-user/main.go:97.16,99.3 1 0
spectron-backend/cmd/create-test-user/main.go:101.2,101.39 1 0
spectron-backend/cmd/create-test-user/main.go:101.39,103.3 1 0
spectron-backend/cmd/create-test-user/main.go:105.2,115.79 11 0
spectron-backend/internal/config/config.go:63.30,67.20 3 0
spectron-backend/internal/config/config.go:67.20,69.3 1 0
spectron-backend/internal/config/config.go:70.2,78.16 9 0
spectron-backend/internal/config/config.go:78.16,80.3 1 0
spectron-backend/internal/config/config.go:82.2,82.17 1 0
spectron-backend/internal/config/config.go:82.17,85.3 1 0
spectron-backend/internal/config/config.go:87.2,125.8 1 0
spectron-backend/internal/config/config.go:128.21,130.9 2 0
spectron-backend/internal/config/config.go:130.9,136.3 3 0
spectron-backend/internal/config/config.go:138.2,140.65 2 0
spectron-backend/internal/config/config.go:143.39,145.16 2 0
spectron-backend/internal/config/config.go:145.16,147.3 1 0
spectron-backend/internal/config/config.go:149.2,149.44 1 0
spectron-backend/internal/config/config.go:149.44,150.25 1 0
spectron-backend/internal/config/config.go:150.25,152.4 1 0
spectron-backend/internal/config/config.go:154.3,155.35 2 0
spectron-backend/internal/config/config.go:155.35,157.4 1 0
spectron-backend/internal/config/config.go:159.3,160.20 2 0
spectron-backend/internal/config/config.go:160.20,161.9 1 0
spectron-backend/internal/config/config.go:165.2,165.18 1 0
spectron-backend/internal/config/config.go:168.37,169.15 1 0
spectron-backend/internal/config/config.go:169.15,171.3 1 0
spectron-backend/internal/config/config.go:173.2,173.65 1 0
spectron-backend/internal/config/config.go:173.65,175.3 1 0
spectron-backend/internal/config/config.go:177.2,177.80 1 0
spectron-backend/internal/config/config.go:177.80,179.3 1 0
spectron-backend/internal/config/config.go:181.2,181.13 1 0
spectron-backend/internal/config/config.go:184.42,185.34 1 0
spectron-backend/internal/config/config.go:185.34,187.3 1 0
spectron-backend/internal/config/config.go:188.2,188.17 1 0
spectron-backend/internal/config/config.go:191.26,211.2 11 0
spectron-backend/internal/config/config.go:213.47,214.34 1 0
spectron-backend/internal/config/config.go:214.34,216.3 1 0
spectron-backend/internal/config/config.go:218.2,220.29 3 0
spectron-backend/internal/config/config.go:220.29,222.19 2 0
spectron-backend/internal/config/config.go:222.19,223.12 1 0
spectron-backend/internal/config/config.go:225.3,225.36 1 0
spectron-backend/internal/config/config.go:228.2,228.23 1 0
spectron-backend/internal/config/config.go:228.23,230.3 1 0
spectron-backend/internal/config/config.go:232.2,232.16 1 0
spectron-backend/internal/config/config.go:235.36,236.34 1 0
spectron-backend/internal/config/config.go:236.34,238.3 1 0
spectron-backend/internal/config/config.go:240.2,242.29 3 0
spectron-backend/internal/config/config.go:242.29,244.18 2 0
spectron-backend/internal/config/config.go:244.18,245.12 1 0
spectron-backend/internal/config/config.go:247.3,247.33 1 0
spectron-backend/internal/config/config.go:250.2,250.22 1 0
spectron-backend/internal/config/config.go:250.22,252.3 1 0
spectron-backend/internal/config/config.go:254.2,254.15 1 0
spectron-backend/internal/config/config.go:257.33,260.2 2 0
spectron-backend/internal/config/config.go:262.45,264.16 2 0
spectron-backend/internal/config/config.go:264.16,266.3 1 0
spectron-backend/internal/config/config.go:267.2,267.14 1 0
spectron-backend/internal/config/config.go:270.41,272.17 2 0
spectron-backend/internal/config/config.go:272.17,274.3 1 0
spectron-backend/internal/config/config.go:276.2,277.16 2 0
spectron-backend/internal/config/config.go:277.16,279.3 1 0
spectron-backend/internal/config/config.go:280.2,280.30 1 0
spectron-backend/internal/config/config.go:280.30,282.3 1 0
spectron-backend/internal/config/config.go:284.2,284.26 1 0
spectron-backend/cmd/hash-password/main.go:10.13,11.22 1 0
spectron-backend/cmd/hash-password/main.go:11.22,14.3 2 0
spectron-backend/cmd/hash-password/main.go:16.2,18.16 3 0
spectron-backend/cmd/hash-password/main.go:18.16,21.3 2 0
spectron-backend/cmd/hash-password/main.go:23.2,23.19 1 0
spectron-backend/internal/db/db.go:9.70,11.16 2 0
spectron-backend/internal/db/db.go:11.16,13.3 1 0
spectron-backend/internal/db/db.go:14.2,14.40 1 0
spectron-backend/internal/db/migrate.go:91.76,92.38 1 0
spectron-backend/internal/db/migrate.go:92.38,93.50 1 0
spectron-backend/internal/db/migrate.go:93.50,94.93 1 0
spectron-backend/internal/db/migrate.go:94.93,98.44 4 0
spectron-backend/internal/db/migrate.go:98.44,99.58 1 0
spectron-backend/internal/db/migrate.go:99.58,101.7 1 0
spectron-backend/internal/db/migrate.go:102.6,102.54 1 0
spectron-backend/internal/db/migrate.go:102.54,104.7 1 0
spectron-backend/internal/db/migrate.go:106.5,119.6 1 0
spectron-backend/internal/db/migrate.go:121.4,121.60 1 0
spectron-backend/internal/db/migrate.go:125.2,125.12 1 0
spectron-backend/internal/db/mock_seed.go:18.74,26.16 3 0
spectron-backend/internal/db/mock_seed.go:26.16,28.3 1 0
spectron-backend/internal/db/mock_seed.go:30.2,77.16 2 0
spectron-backend/internal/db/mock_seed.go:77.16,79.3 1 0
spectron-backend/internal/db/mock_seed.go:81.2,81.12 1 0
